2024-01-27 19:03:15,153 [trainer.py] => config: ./exps/mos_cifar.json
2024-01-27 19:03:15,154 [trainer.py] => prefix:  
2024-01-27 19:03:15,154 [trainer.py] => dataset: cifar224
2024-01-27 19:03:15,154 [trainer.py] => memory_size: 0
2024-01-27 19:03:15,154 [trainer.py] => memory_per_class: 0
2024-01-27 19:03:15,154 [trainer.py] => fixed_memory: False
2024-01-27 19:03:15,154 [trainer.py] => shuffle: True
2024-01-27 19:03:15,154 [trainer.py] => init_cls: 5
2024-01-27 19:03:15,154 [trainer.py] => increment: 5
2024-01-27 19:03:15,154 [trainer.py] => model_name: mos
2024-01-27 19:03:15,154 [trainer.py] => backbone_type: vit_base_patch16_224_mos
2024-01-27 19:03:15,154 [trainer.py] => device: [device(type='cuda', index=3)]
2024-01-27 19:03:15,154 [trainer.py] => seed: 1993
2024-01-27 19:03:15,154 [trainer.py] => tuned_epoch: 20
2024-01-27 19:03:15,154 [trainer.py] => init_lr: 0.03
2024-01-27 19:03:15,154 [trainer.py] => batch_size: 48
2024-01-27 19:03:15,154 [trainer.py] => weight_decay: 0.0005
2024-01-27 19:03:15,154 [trainer.py] => min_lr: 0
2024-01-27 19:03:15,154 [trainer.py] => optimizer: sgd
2024-01-27 19:03:15,154 [trainer.py] => scheduler: cosine
2024-01-27 19:03:15,154 [trainer.py] => reinit_optimizer: True
2024-01-27 19:03:15,154 [trainer.py] => init_milestones: [10]
2024-01-27 19:03:15,154 [trainer.py] => init_lr_decay: 0.1
2024-01-27 19:03:15,154 [trainer.py] => reg: 0.1
2024-01-27 19:03:15,154 [trainer.py] => adapter_momentum: 0.1
2024-01-27 19:03:15,154 [trainer.py] => ensemble: True
2024-01-27 19:03:15,154 [trainer.py] => crct_epochs: 30
2024-01-27 19:03:15,154 [trainer.py] => ca_lr: 0.005
2024-01-27 19:03:15,154 [trainer.py] => ca_storage_efficient_method: covariance
2024-01-27 19:03:15,154 [trainer.py] => ca_storage_efficient_method_choices: ['covariance', 'multi-centroid', 'variance']
2024-01-27 19:03:15,154 [trainer.py] => n_centroids: 10
2024-01-27 19:03:15,154 [trainer.py] => pretrained: True
2024-01-27 19:03:15,154 [trainer.py] => drop: 0.0
2024-01-27 19:03:15,154 [trainer.py] => drop_path: 0.0
2024-01-27 19:03:15,154 [trainer.py] => ffn_num: 16
2024-01-27 19:03:16,618 [data_manager.py] => [68, 56, 78, 8, 23, 84, 90, 65, 74, 76, 40, 89, 3, 92, 55, 9, 26, 80, 43, 38, 58, 70, 77, 1, 85, 19, 17, 50, 28, 53, 13, 81, 45, 82, 6, 59, 83, 16, 15, 44, 91, 41, 72, 60, 79, 52, 20, 10, 31, 54, 37, 95, 14, 71, 96, 98, 97, 2, 64, 66, 42, 22, 35, 86, 24, 34, 87, 21, 99, 0, 88, 27, 18, 94, 11, 12, 47, 25, 30, 46, 62, 69, 36, 61, 7, 63, 75, 5, 32, 4, 51, 48, 73, 93, 39, 67, 29, 49, 57, 33]
2024-01-27 19:03:19,998 [mos.py] => 86,179,876 model total parameters.
2024-01-27 19:03:19,999 [mos.py] => 381,220 model training parameters.
2024-01-27 19:03:19,999 [mos.py] => head.weight: 76800
2024-01-27 19:03:19,999 [mos.py] => head.bias: 100
2024-01-27 19:03:19,999 [mos.py] => cur_adapter.0.down_proj.weight: 12288
2024-01-27 19:03:19,999 [mos.py] => cur_adapter.0.down_proj.bias: 16
2024-01-27 19:03:19,999 [mos.py] => cur_adapter.0.up_proj.weight: 12288
2024-01-27 19:03:19,999 [mos.py] => cur_adapter.0.up_proj.bias: 768
2024-01-27 19:03:19,999 [mos.py] => cur_adapter.1.down_proj.weight: 12288
2024-01-27 19:03:19,999 [mos.py] => cur_adapter.1.down_proj.bias: 16
2024-01-27 19:03:19,999 [mos.py] => cur_adapter.1.up_proj.weight: 12288
2024-01-27 19:03:19,999 [mos.py] => cur_adapter.1.up_proj.bias: 768
2024-01-27 19:03:20,000 [mos.py] => cur_adapter.2.down_proj.weight: 12288
2024-01-27 19:03:20,000 [mos.py] => cur_adapter.2.down_proj.bias: 16
2024-01-27 19:03:20,000 [mos.py] => cur_adapter.2.up_proj.weight: 12288
2024-01-27 19:03:20,000 [mos.py] => cur_adapter.2.up_proj.bias: 768
2024-01-27 19:03:20,000 [mos.py] => cur_adapter.3.down_proj.weight: 12288
2024-01-27 19:03:20,000 [mos.py] => cur_adapter.3.down_proj.bias: 16
2024-01-27 19:03:20,000 [mos.py] => cur_adapter.3.up_proj.weight: 12288
2024-01-27 19:03:20,000 [mos.py] => cur_adapter.3.up_proj.bias: 768
2024-01-27 19:03:20,000 [mos.py] => cur_adapter.4.down_proj.weight: 12288
2024-01-27 19:03:20,000 [mos.py] => cur_adapter.4.down_proj.bias: 16
2024-01-27 19:03:20,000 [mos.py] => cur_adapter.4.up_proj.weight: 12288
2024-01-27 19:03:20,000 [mos.py] => cur_adapter.4.up_proj.bias: 768
2024-01-27 19:03:20,000 [mos.py] => cur_adapter.5.down_proj.weight: 12288
2024-01-27 19:03:20,000 [mos.py] => cur_adapter.5.down_proj.bias: 16
2024-01-27 19:03:20,000 [mos.py] => cur_adapter.5.up_proj.weight: 12288
2024-01-27 19:03:20,000 [mos.py] => cur_adapter.5.up_proj.bias: 768
2024-01-27 19:03:20,000 [mos.py] => cur_adapter.6.down_proj.weight: 12288
2024-01-27 19:03:20,000 [mos.py] => cur_adapter.6.down_proj.bias: 16
2024-01-27 19:03:20,000 [mos.py] => cur_adapter.6.up_proj.weight: 12288
2024-01-27 19:03:20,000 [mos.py] => cur_adapter.6.up_proj.bias: 768
2024-01-27 19:03:20,000 [mos.py] => cur_adapter.7.down_proj.weight: 12288
2024-01-27 19:03:20,000 [mos.py] => cur_adapter.7.down_proj.bias: 16
2024-01-27 19:03:20,000 [mos.py] => cur_adapter.7.up_proj.weight: 12288
2024-01-27 19:03:20,000 [mos.py] => cur_adapter.7.up_proj.bias: 768
2024-01-27 19:03:20,000 [mos.py] => cur_adapter.8.down_proj.weight: 12288
2024-01-27 19:03:20,000 [mos.py] => cur_adapter.8.down_proj.bias: 16
2024-01-27 19:03:20,000 [mos.py] => cur_adapter.8.up_proj.weight: 12288
2024-01-27 19:03:20,000 [mos.py] => cur_adapter.8.up_proj.bias: 768
2024-01-27 19:03:20,000 [mos.py] => cur_adapter.9.down_proj.weight: 12288
2024-01-27 19:03:20,000 [mos.py] => cur_adapter.9.down_proj.bias: 16
2024-01-27 19:03:20,000 [mos.py] => cur_adapter.9.up_proj.weight: 12288
2024-01-27 19:03:20,000 [mos.py] => cur_adapter.9.up_proj.bias: 768
2024-01-27 19:03:20,001 [mos.py] => cur_adapter.10.down_proj.weight: 12288
2024-01-27 19:03:20,001 [mos.py] => cur_adapter.10.down_proj.bias: 16
2024-01-27 19:03:20,001 [mos.py] => cur_adapter.10.up_proj.weight: 12288
2024-01-27 19:03:20,001 [mos.py] => cur_adapter.10.up_proj.bias: 768
2024-01-27 19:03:20,001 [mos.py] => cur_adapter.11.down_proj.weight: 12288
2024-01-27 19:03:20,001 [mos.py] => cur_adapter.11.down_proj.bias: 16
2024-01-27 19:03:20,001 [mos.py] => cur_adapter.11.up_proj.weight: 12288
2024-01-27 19:03:20,001 [mos.py] => cur_adapter.11.up_proj.bias: 768
2024-01-27 19:03:20,001 [trainer.py] => All params: 86179876
2024-01-27 19:03:20,002 [trainer.py] => Trainable params: 381220
2024-01-27 19:03:20,002 [mos.py] => Learning on 0-5
2024-01-27 19:06:12,335 [mos.py] => Task 0, Epoch 20/20 => Loss 0.091, Train_accy 96.88
2024-01-27 19:06:25,535 [mos.py] => the accuracy of the original model:99.0
2024-01-27 19:06:25,537 [trainer.py] => No NME accuracy.
2024-01-27 19:06:25,537 [trainer.py] => CNN: {'total': 99.4, '00-04': 99.4, 'old': 0, 'new': 99.4}
2024-01-27 19:06:25,537 [trainer.py] => CNN top1 curve: [99.4]
2024-01-27 19:06:25,538 [trainer.py] => CNN top5 curve: [100.0]

2024-01-27 19:06:25,538 [trainer.py] => Average Accuracy (CNN): 99.4 

2024-01-27 19:06:25,539 [trainer.py] => All params: 86488037
2024-01-27 19:06:25,540 [trainer.py] => Trainable params: 685540
2024-01-27 19:06:25,547 [mos.py] => Learning on 5-10
2024-01-27 19:09:22,926 [mos.py] => Task 1, Epoch 20/20 => Loss 0.136, Train_accy 95.20
2024-01-27 19:09:30,754 [mos.py] => Task 1, Epoch 30/30 => Loss 0.005, CA_accy 99.83
2024-01-27 19:09:41,227 [mos.py] => the accuracy of the original model:96.4
2024-01-27 19:09:41,228 [trainer.py] => No NME accuracy.
2024-01-27 19:09:41,228 [trainer.py] => CNN: {'total': 98.1, '00-04': 98.8, '05-09': 97.4, 'old': 98.8, 'new': 97.4}
2024-01-27 19:09:41,228 [trainer.py] => CNN top1 curve: [99.4, 98.1]
2024-01-27 19:09:41,228 [trainer.py] => CNN top5 curve: [100.0, 100.0]

2024-01-27 19:09:41,228 [trainer.py] => Average Accuracy (CNN): 98.75 

2024-01-27 19:09:41,229 [trainer.py] => All params: 86796197
2024-01-27 19:09:41,229 [trainer.py] => Trainable params: 989860
2024-01-27 19:09:41,231 [mos.py] => Learning on 10-15
2024-01-27 19:12:40,344 [mos.py] => Task 2, Epoch 20/20 => Loss 0.189, Train_accy 94.44
2024-01-27 19:12:49,070 [mos.py] => Task 2, Epoch 30/30 => Loss 0.012, CA_accy 99.64
2024-01-27 19:13:05,117 [mos.py] => the accuracy of the original model:95.07
2024-01-27 19:13:05,120 [trainer.py] => No NME accuracy.
2024-01-27 19:13:05,120 [trainer.py] => CNN: {'total': 96.93, '00-04': 98.6, '05-09': 96.2, '10-14': 96.0, 'old': 97.4, 'new': 96.0}
2024-01-27 19:13:05,120 [trainer.py] => CNN top1 curve: [99.4, 98.1, 96.93]
2024-01-27 19:13:05,120 [trainer.py] => CNN top5 curve: [100.0, 100.0, 99.73]

2024-01-27 19:13:05,121 [trainer.py] => Average Accuracy (CNN): 98.14333333333333 

2024-01-27 19:13:05,122 [trainer.py] => All params: 87104357
2024-01-27 19:13:05,123 [trainer.py] => Trainable params: 1294180
2024-01-27 19:13:05,125 [mos.py] => Learning on 15-20
2024-01-27 19:16:06,683 [mos.py] => Task 3, Epoch 20/20 => Loss 0.283, Train_accy 94.60
2024-01-27 19:16:16,157 [mos.py] => Task 3, Epoch 30/30 => Loss 0.012, CA_accy 99.67
2024-01-27 19:16:38,843 [mos.py] => the accuracy of the original model:93.8
2024-01-27 19:16:38,844 [trainer.py] => No NME accuracy.
2024-01-27 19:16:38,844 [trainer.py] => CNN: {'total': 95.95, '00-04': 98.4, '05-09': 95.4, '10-14': 96.2, '15-19': 93.8, 'old': 96.67, 'new': 93.8}
2024-01-27 19:16:38,844 [trainer.py] => CNN top1 curve: [99.4, 98.1, 96.93, 95.95]
2024-01-27 19:16:38,844 [trainer.py] => CNN top5 curve: [100.0, 100.0, 99.73, 99.6]

2024-01-27 19:16:38,844 [trainer.py] => Average Accuracy (CNN): 97.595 

2024-01-27 19:16:38,845 [trainer.py] => All params: 87412517
2024-01-27 19:16:38,847 [trainer.py] => Trainable params: 1598500
2024-01-27 19:16:38,850 [mos.py] => Learning on 20-25
2024-01-27 19:19:39,962 [mos.py] => Task 4, Epoch 20/20 => Loss 0.169, Train_accy 96.68
2024-01-27 19:19:49,931 [mos.py] => Task 4, Epoch 30/30 => Loss 0.009, CA_accy 99.78
2024-01-27 19:20:20,560 [mos.py] => the accuracy of the original model:93.52
2024-01-27 19:20:20,562 [trainer.py] => No NME accuracy.
2024-01-27 19:20:20,562 [trainer.py] => CNN: {'total': 95.88, '00-04': 98.4, '05-09': 95.6, '10-14': 94.8, '15-19': 94.0, '20-24': 96.6, 'old': 95.7, 'new': 96.6}
2024-01-27 19:20:20,562 [trainer.py] => CNN top1 curve: [99.4, 98.1, 96.93, 95.95, 95.88]
2024-01-27 19:20:20,562 [trainer.py] => CNN top5 curve: [100.0, 100.0, 99.73, 99.6, 99.52]

2024-01-27 19:20:20,562 [trainer.py] => Average Accuracy (CNN): 97.252 

2024-01-27 19:20:20,564 [trainer.py] => All params: 87720677
2024-01-27 19:20:20,565 [trainer.py] => Trainable params: 1902820
2024-01-27 19:20:20,566 [mos.py] => Learning on 25-30
2024-01-27 19:23:07,850 [mos.py] => Task 5, Epoch 20/20 => Loss 0.535, Train_accy 96.24
2024-01-27 19:23:17,934 [mos.py] => Task 5, Epoch 30/30 => Loss 0.019, CA_accy 99.36
2024-01-27 19:23:50,034 [mos.py] => the accuracy of the original model:92.9
2024-01-27 19:23:50,035 [trainer.py] => No NME accuracy.
2024-01-27 19:23:50,035 [trainer.py] => CNN: {'total': 95.03, '00-04': 98.4, '05-09': 92.8, '10-14': 94.0, '15-19': 93.6, '20-24': 96.6, '25-29': 94.8, 'old': 95.08, 'new': 94.8}
2024-01-27 19:23:50,035 [trainer.py] => CNN top1 curve: [99.4, 98.1, 96.93, 95.95, 95.88, 95.03]
2024-01-27 19:23:50,035 [trainer.py] => CNN top5 curve: [100.0, 100.0, 99.73, 99.6, 99.52, 99.3]

2024-01-27 19:23:50,035 [trainer.py] => Average Accuracy (CNN): 96.88166666666666 

2024-01-27 19:23:50,037 [trainer.py] => All params: 88028837
2024-01-27 19:23:50,038 [trainer.py] => Trainable params: 2207140
2024-01-27 19:23:50,039 [mos.py] => Learning on 30-35
2024-01-27 19:26:33,407 [mos.py] => Task 6, Epoch 20/20 => Loss 0.395, Train_accy 93.16
2024-01-27 19:26:43,980 [mos.py] => Task 6, Epoch 30/30 => Loss 0.024, CA_accy 99.30
2024-01-27 19:27:25,099 [mos.py] => the accuracy of the original model:91.86
2024-01-27 19:27:25,100 [trainer.py] => No NME accuracy.
2024-01-27 19:27:25,100 [trainer.py] => CNN: {'total': 94.43, '00-04': 98.4, '05-09': 93.6, '10-14': 94.6, '15-19': 92.0, '20-24': 96.0, '25-29': 93.4, '30-34': 93.0, 'old': 94.67, 'new': 93.0}
2024-01-27 19:27:25,100 [trainer.py] => CNN top1 curve: [99.4, 98.1, 96.93, 95.95, 95.88, 95.03, 94.43]
2024-01-27 19:27:25,100 [trainer.py] => CNN top5 curve: [100.0, 100.0, 99.73, 99.6, 99.52, 99.3, 99.26]

2024-01-27 19:27:25,100 [trainer.py] => Average Accuracy (CNN): 96.53142857142858 

2024-01-27 19:27:25,102 [trainer.py] => All params: 88336997
2024-01-27 19:27:25,103 [trainer.py] => Trainable params: 2511460
2024-01-27 19:27:25,104 [mos.py] => Learning on 35-40
2024-01-27 19:30:08,893 [mos.py] => Task 7, Epoch 20/20 => Loss 0.194, Train_accy 97.08
2024-01-27 19:30:19,866 [mos.py] => Task 7, Epoch 30/30 => Loss 0.018, CA_accy 99.51
2024-01-27 19:31:11,134 [mos.py] => the accuracy of the original model:91.42
2024-01-27 19:31:11,136 [trainer.py] => No NME accuracy.
2024-01-27 19:31:11,136 [trainer.py] => CNN: {'total': 94.08, '00-04': 97.4, '05-09': 93.4, '10-14': 94.6, '15-19': 90.4, '20-24': 95.8, '25-29': 93.0, '30-34': 92.2, '35-39': 95.8, 'old': 93.83, 'new': 95.8}
2024-01-27 19:31:11,136 [trainer.py] => CNN top1 curve: [99.4, 98.1, 96.93, 95.95, 95.88, 95.03, 94.43, 94.08]
2024-01-27 19:31:11,136 [trainer.py] => CNN top5 curve: [100.0, 100.0, 99.73, 99.6, 99.52, 99.3, 99.26, 99.18]

2024-01-27 19:31:11,136 [trainer.py] => Average Accuracy (CNN): 96.22500000000001 

2024-01-27 19:31:11,138 [trainer.py] => All params: 88645157
2024-01-27 19:31:11,140 [trainer.py] => Trainable params: 2815780
2024-01-27 19:31:11,141 [mos.py] => Learning on 40-45
2024-01-27 19:33:54,431 [mos.py] => Task 8, Epoch 20/20 => Loss 0.515, Train_accy 96.00
2024-01-27 19:34:05,929 [mos.py] => Task 8, Epoch 30/30 => Loss 0.025, CA_accy 99.30
2024-01-27 19:35:08,788 [mos.py] => the accuracy of the original model:90.56
2024-01-27 19:35:08,790 [trainer.py] => No NME accuracy.
2024-01-27 19:35:08,790 [trainer.py] => CNN: {'total': 93.42, '00-04': 96.6, '05-09': 92.4, '10-14': 92.4, '15-19': 90.6, '20-24': 96.0, '25-29': 93.0, '30-34': 92.4, '35-39': 95.0, '40-44': 92.4, 'old': 93.55, 'new': 92.4}
2024-01-27 19:35:08,790 [trainer.py] => CNN top1 curve: [99.4, 98.1, 96.93, 95.95, 95.88, 95.03, 94.43, 94.08, 93.42]
2024-01-27 19:35:08,790 [trainer.py] => CNN top5 curve: [100.0, 100.0, 99.73, 99.6, 99.52, 99.3, 99.26, 99.18, 99.09]

2024-01-27 19:35:08,791 [trainer.py] => Average Accuracy (CNN): 95.91333333333334 

2024-01-27 19:35:08,793 [trainer.py] => All params: 88953317
2024-01-27 19:35:08,795 [trainer.py] => Trainable params: 3120100
2024-01-27 19:35:08,796 [mos.py] => Learning on 45-50
2024-01-27 19:37:53,056 [mos.py] => Task 9, Epoch 20/20 => Loss 0.663, Train_accy 97.64
2024-01-27 19:38:04,308 [mos.py] => Task 9, Epoch 30/30 => Loss 0.030, CA_accy 99.05
2024-01-27 19:39:19,802 [mos.py] => the accuracy of the original model:89.4
2024-01-27 19:39:19,804 [trainer.py] => No NME accuracy.
2024-01-27 19:39:19,804 [trainer.py] => CNN: {'total': 92.96, '00-04': 96.6, '05-09': 91.6, '10-14': 91.0, '15-19': 90.6, '20-24': 96.0, '25-29': 93.0, '30-34': 93.0, '35-39': 92.4, '40-44': 92.8, '45-49': 92.6, 'old': 93.0, 'new': 92.6}
2024-01-27 19:39:19,804 [trainer.py] => CNN top1 curve: [99.4, 98.1, 96.93, 95.95, 95.88, 95.03, 94.43, 94.08, 93.42, 92.96]
2024-01-27 19:39:19,804 [trainer.py] => CNN top5 curve: [100.0, 100.0, 99.73, 99.6, 99.52, 99.3, 99.26, 99.18, 99.09, 99.02]

2024-01-27 19:39:19,804 [trainer.py] => Average Accuracy (CNN): 95.61800000000001 

2024-01-27 19:39:19,806 [trainer.py] => All params: 89261477
2024-01-27 19:39:19,808 [trainer.py] => Trainable params: 3424420
2024-01-27 19:39:19,809 [mos.py] => Learning on 50-55
2024-01-27 19:42:03,820 [mos.py] => Task 10, Epoch 20/20 => Loss 0.527, Train_accy 97.92
2024-01-27 19:42:15,908 [mos.py] => Task 10, Epoch 30/30 => Loss 0.034, CA_accy 99.08
2024-01-27 19:43:45,072 [mos.py] => the accuracy of the original model:88.16
2024-01-27 19:43:45,074 [trainer.py] => No NME accuracy.
2024-01-27 19:43:45,074 [trainer.py] => CNN: {'total': 92.11, '00-04': 94.6, '05-09': 92.0, '10-14': 90.8, '15-19': 90.4, '20-24': 95.6, '25-29': 91.6, '30-34': 92.8, '35-39': 92.0, '40-44': 91.4, '45-49': 91.4, '50-54': 90.6, 'old': 92.26, 'new': 90.6}
2024-01-27 19:43:45,074 [trainer.py] => CNN top1 curve: [99.4, 98.1, 96.93, 95.95, 95.88, 95.03, 94.43, 94.08, 93.42, 92.96, 92.11]
2024-01-27 19:43:45,074 [trainer.py] => CNN top5 curve: [100.0, 100.0, 99.73, 99.6, 99.52, 99.3, 99.26, 99.18, 99.09, 99.02, 98.93]

2024-01-27 19:43:45,074 [trainer.py] => Average Accuracy (CNN): 95.2990909090909 

2024-01-27 19:43:45,077 [trainer.py] => All params: 89569637
2024-01-27 19:43:45,080 [trainer.py] => Trainable params: 3728740
2024-01-27 19:43:45,081 [mos.py] => Learning on 55-60
2024-01-27 19:46:28,574 [mos.py] => Task 11, Epoch 20/20 => Loss 0.720, Train_accy 91.88
2024-01-27 19:46:40,633 [mos.py] => Task 11, Epoch 30/30 => Loss 0.031, CA_accy 99.09
2024-01-27 19:48:25,342 [mos.py] => the accuracy of the original model:88.02
2024-01-27 19:48:25,344 [trainer.py] => No NME accuracy.
2024-01-27 19:48:25,344 [trainer.py] => CNN: {'total': 92.03, '00-04': 93.8, '05-09': 90.8, '10-14': 90.6, '15-19': 91.0, '20-24': 95.6, '25-29': 90.8, '30-34': 93.6, '35-39': 92.4, '40-44': 91.6, '45-49': 92.0, '50-54': 90.2, '55-59': 92.0, 'old': 92.04, 'new': 92.0}
2024-01-27 19:48:25,344 [trainer.py] => CNN top1 curve: [99.4, 98.1, 96.93, 95.95, 95.88, 95.03, 94.43, 94.08, 93.42, 92.96, 92.11, 92.03]
2024-01-27 19:48:25,344 [trainer.py] => CNN top5 curve: [100.0, 100.0, 99.73, 99.6, 99.52, 99.3, 99.26, 99.18, 99.09, 99.02, 98.93, 98.77]

2024-01-27 19:48:25,344 [trainer.py] => Average Accuracy (CNN): 95.02666666666666 

2024-01-27 19:48:25,347 [trainer.py] => All params: 89877797
2024-01-27 19:48:25,350 [trainer.py] => Trainable params: 4033060
2024-01-27 19:48:25,351 [mos.py] => Learning on 60-65
2024-01-27 19:51:10,633 [mos.py] => Task 12, Epoch 20/20 => Loss 0.666, Train_accy 96.92
2024-01-27 19:51:23,610 [mos.py] => Task 12, Epoch 30/30 => Loss 0.032, CA_accy 99.09
2024-01-27 19:53:25,005 [mos.py] => the accuracy of the original model:87.74
2024-01-27 19:53:25,008 [trainer.py] => No NME accuracy.
2024-01-27 19:53:25,008 [trainer.py] => CNN: {'total': 91.57, '00-04': 94.4, '05-09': 91.0, '10-14': 90.4, '15-19': 90.4, '20-24': 95.8, '25-29': 90.6, '30-34': 92.6, '35-39': 92.2, '40-44': 91.2, '45-49': 92.4, '50-54': 89.4, '55-59': 88.6, '60-64': 91.4, 'old': 91.58, 'new': 91.4}
2024-01-27 19:53:25,008 [trainer.py] => CNN top1 curve: [99.4, 98.1, 96.93, 95.95, 95.88, 95.03, 94.43, 94.08, 93.42, 92.96, 92.11, 92.03, 91.57]
2024-01-27 19:53:25,008 [trainer.py] => CNN top5 curve: [100.0, 100.0, 99.73, 99.6, 99.52, 99.3, 99.26, 99.18, 99.09, 99.02, 98.93, 98.77, 98.68]

2024-01-27 19:53:25,008 [trainer.py] => Average Accuracy (CNN): 94.76076923076923 

2024-01-27 19:53:25,010 [trainer.py] => All params: 90185957
2024-01-27 19:53:25,012 [trainer.py] => Trainable params: 4337380
2024-01-27 19:53:25,013 [mos.py] => Learning on 65-70
2024-01-27 19:56:10,014 [mos.py] => Task 13, Epoch 20/20 => Loss 0.452, Train_accy 97.72
2024-01-27 19:56:23,894 [mos.py] => Task 13, Epoch 30/30 => Loss 0.031, CA_accy 99.02
2024-01-27 19:58:42,713 [mos.py] => the accuracy of the original model:87.93
2024-01-27 19:58:42,715 [trainer.py] => No NME accuracy.
2024-01-27 19:58:42,715 [trainer.py] => CNN: {'total': 91.57, '00-04': 92.4, '05-09': 90.4, '10-14': 90.2, '15-19': 89.8, '20-24': 95.8, '25-29': 91.6, '30-34': 91.6, '35-39': 91.4, '40-44': 91.6, '45-49': 91.6, '50-54': 89.8, '55-59': 88.8, '60-64': 90.6, '65-69': 96.4, 'old': 91.2, 'new': 96.4}
2024-01-27 19:58:42,715 [trainer.py] => CNN top1 curve: [99.4, 98.1, 96.93, 95.95, 95.88, 95.03, 94.43, 94.08, 93.42, 92.96, 92.11, 92.03, 91.57, 91.57]
2024-01-27 19:58:42,715 [trainer.py] => CNN top5 curve: [100.0, 100.0, 99.73, 99.6, 99.52, 99.3, 99.26, 99.18, 99.09, 99.02, 98.93, 98.77, 98.68, 98.66]

2024-01-27 19:58:42,715 [trainer.py] => Average Accuracy (CNN): 94.53285714285713 

2024-01-27 19:58:42,718 [trainer.py] => All params: 90494117
2024-01-27 19:58:42,720 [trainer.py] => Trainable params: 4641700
2024-01-27 19:58:42,721 [mos.py] => Learning on 70-75
2024-01-27 20:01:28,322 [mos.py] => Task 14, Epoch 20/20 => Loss 0.863, Train_accy 97.16
2024-01-27 20:01:42,906 [mos.py] => Task 14, Epoch 30/30 => Loss 0.036, CA_accy 98.99
2024-01-27 20:04:21,522 [mos.py] => the accuracy of the original model:86.97
2024-01-27 20:04:21,525 [trainer.py] => No NME accuracy.
2024-01-27 20:04:21,525 [trainer.py] => CNN: {'total': 90.93, '00-04': 93.4, '05-09': 90.4, '10-14': 89.0, '15-19': 89.6, '20-24': 95.2, '25-29': 91.4, '30-34': 91.6, '35-39': 91.2, '40-44': 91.0, '45-49': 91.6, '50-54': 90.0, '55-59': 87.4, '60-64': 88.4, '65-69': 96.0, '70-74': 87.8, 'old': 91.16, 'new': 87.8}
2024-01-27 20:04:21,525 [trainer.py] => CNN top1 curve: [99.4, 98.1, 96.93, 95.95, 95.88, 95.03, 94.43, 94.08, 93.42, 92.96, 92.11, 92.03, 91.57, 91.57, 90.93]
2024-01-27 20:04:21,525 [trainer.py] => CNN top5 curve: [100.0, 100.0, 99.73, 99.6, 99.52, 99.3, 99.26, 99.18, 99.09, 99.02, 98.93, 98.77, 98.68, 98.66, 98.52]

2024-01-27 20:04:21,525 [trainer.py] => Average Accuracy (CNN): 94.29266666666666 

2024-01-27 20:04:21,529 [trainer.py] => All params: 90802277
2024-01-27 20:04:21,532 [trainer.py] => Trainable params: 4946020
2024-01-27 20:04:21,534 [mos.py] => Learning on 75-80
2024-01-27 20:07:05,042 [mos.py] => Task 15, Epoch 20/20 => Loss 0.948, Train_accy 97.20
2024-01-27 20:07:20,086 [mos.py] => Task 15, Epoch 30/30 => Loss 0.046, CA_accy 98.67
2024-01-27 20:10:19,195 [mos.py] => the accuracy of the original model:85.82
2024-01-27 20:10:19,197 [trainer.py] => No NME accuracy.
2024-01-27 20:10:19,197 [trainer.py] => CNN: {'total': 89.95, '00-04': 93.2, '05-09': 91.0, '10-14': 89.8, '15-19': 89.8, '20-24': 95.2, '25-29': 91.4, '30-34': 91.0, '35-39': 90.8, '40-44': 90.8, '45-49': 87.8, '50-54': 87.6, '55-59': 87.6, '60-64': 88.8, '65-69': 96.0, '70-74': 85.4, '75-79': 83.0, 'old': 90.41, 'new': 83.0}
2024-01-27 20:10:19,197 [trainer.py] => CNN top1 curve: [99.4, 98.1, 96.93, 95.95, 95.88, 95.03, 94.43, 94.08, 93.42, 92.96, 92.11, 92.03, 91.57, 91.57, 90.93, 89.95]
2024-01-27 20:10:19,197 [trainer.py] => CNN top5 curve: [100.0, 100.0, 99.73, 99.6, 99.52, 99.3, 99.26, 99.18, 99.09, 99.02, 98.93, 98.77, 98.68, 98.66, 98.52, 98.44]

2024-01-27 20:10:19,197 [trainer.py] => Average Accuracy (CNN): 94.02125 

2024-01-27 20:10:19,200 [trainer.py] => All params: 91110437
2024-01-27 20:10:19,202 [trainer.py] => Trainable params: 5250340
2024-01-27 20:10:19,203 [mos.py] => Learning on 80-85
2024-01-27 20:13:03,963 [mos.py] => Task 16, Epoch 20/20 => Loss 0.760, Train_accy 97.28
2024-01-27 20:13:18,820 [mos.py] => Task 16, Epoch 30/30 => Loss 0.043, CA_accy 98.71
2024-01-27 20:16:38,877 [mos.py] => the accuracy of the original model:85.56
2024-01-27 20:16:38,881 [trainer.py] => No NME accuracy.
2024-01-27 20:16:38,881 [trainer.py] => CNN: {'total': 89.71, '00-04': 92.4, '05-09': 90.0, '10-14': 88.8, '15-19': 89.2, '20-24': 95.0, '25-29': 90.4, '30-34': 91.0, '35-39': 90.6, '40-44': 90.8, '45-49': 85.6, '50-54': 87.2, '55-59': 88.2, '60-64': 88.2, '65-69': 96.0, '70-74': 85.2, '75-79': 85.0, '80-84': 91.4, 'old': 89.6, 'new': 91.4}
2024-01-27 20:16:38,881 [trainer.py] => CNN top1 curve: [99.4, 98.1, 96.93, 95.95, 95.88, 95.03, 94.43, 94.08, 93.42, 92.96, 92.11, 92.03, 91.57, 91.57, 90.93, 89.95, 89.71]
2024-01-27 20:16:38,881 [trainer.py] => CNN top5 curve: [100.0, 100.0, 99.73, 99.6, 99.52, 99.3, 99.26, 99.18, 99.09, 99.02, 98.93, 98.77, 98.68, 98.66, 98.52, 98.44, 98.4]

2024-01-27 20:16:38,881 [trainer.py] => Average Accuracy (CNN): 93.76764705882353 

2024-01-27 20:16:38,885 [trainer.py] => All params: 91418597
2024-01-27 20:16:38,888 [trainer.py] => Trainable params: 5554660
2024-01-27 20:16:38,890 [mos.py] => Learning on 85-90
2024-01-27 20:19:19,289 [mos.py] => Task 17, Epoch 20/20 => Loss 0.898, Train_accy 92.40
2024-01-27 20:19:32,795 [mos.py] => Task 17, Epoch 30/30 => Loss 0.042, CA_accy 98.77
2024-01-27 20:23:16,354 [mos.py] => the accuracy of the original model:85.14
2024-01-27 20:23:16,358 [trainer.py] => No NME accuracy.
2024-01-27 20:23:16,359 [trainer.py] => CNN: {'total': 89.38, '00-04': 92.8, '05-09': 89.0, '10-14': 87.6, '15-19': 89.0, '20-24': 95.0, '25-29': 90.8, '30-34': 90.8, '35-39': 90.6, '40-44': 91.0, '45-49': 85.4, '50-54': 86.8, '55-59': 86.8, '60-64': 88.2, '65-69': 96.0, '70-74': 85.0, '75-79': 84.2, '80-84': 91.4, '85-89': 88.4, 'old': 89.44, 'new': 88.4}
2024-01-27 20:23:16,359 [trainer.py] => CNN top1 curve: [99.4, 98.1, 96.93, 95.95, 95.88, 95.03, 94.43, 94.08, 93.42, 92.96, 92.11, 92.03, 91.57, 91.57, 90.93, 89.95, 89.71, 89.38]
2024-01-27 20:23:16,359 [trainer.py] => CNN top5 curve: [100.0, 100.0, 99.73, 99.6, 99.52, 99.3, 99.26, 99.18, 99.09, 99.02, 98.93, 98.77, 98.68, 98.66, 98.52, 98.44, 98.4, 98.19]

2024-01-27 20:23:16,359 [trainer.py] => Average Accuracy (CNN): 93.52388888888888 

2024-01-27 20:23:16,363 [trainer.py] => All params: 91726757
2024-01-27 20:23:16,366 [trainer.py] => Trainable params: 5858980
2024-01-27 20:23:16,368 [mos.py] => Learning on 90-95
2024-01-27 20:26:02,378 [mos.py] => Task 18, Epoch 20/20 => Loss 0.494, Train_accy 96.04
2024-01-27 20:26:16,049 [mos.py] => Task 18, Epoch 30/30 => Loss 0.042, CA_accy 98.79
2024-01-27 20:30:23,466 [mos.py] => the accuracy of the original model:85.18
2024-01-27 20:30:23,469 [trainer.py] => No NME accuracy.
2024-01-27 20:30:23,469 [trainer.py] => CNN: {'total': 89.47, '00-04': 92.4, '05-09': 87.8, '10-14': 88.2, '15-19': 88.8, '20-24': 94.6, '25-29': 90.6, '30-34': 90.2, '35-39': 90.4, '40-44': 90.2, '45-49': 85.6, '50-54': 87.2, '55-59': 86.6, '60-64': 86.2, '65-69': 96.2, '70-74': 86.0, '75-79': 83.6, '80-84': 91.8, '85-89': 88.6, '90-94': 95.0, 'old': 89.17, 'new': 95.0}
2024-01-27 20:30:23,469 [trainer.py] => CNN top1 curve: [99.4, 98.1, 96.93, 95.95, 95.88, 95.03, 94.43, 94.08, 93.42, 92.96, 92.11, 92.03, 91.57, 91.57, 90.93, 89.95, 89.71, 89.38, 89.47]
2024-01-27 20:30:23,469 [trainer.py] => CNN top5 curve: [100.0, 100.0, 99.73, 99.6, 99.52, 99.3, 99.26, 99.18, 99.09, 99.02, 98.93, 98.77, 98.68, 98.66, 98.52, 98.44, 98.4, 98.19, 98.17]

2024-01-27 20:30:23,470 [trainer.py] => Average Accuracy (CNN): 93.31052631578946 

2024-01-27 20:30:23,474 [trainer.py] => All params: 92034917
2024-01-27 20:30:23,477 [trainer.py] => Trainable params: 6163300
2024-01-27 20:30:23,479 [mos.py] => Learning on 95-100
2024-01-27 20:33:04,591 [mos.py] => Task 19, Epoch 20/20 => Loss 0.615, Train_accy 95.92
2024-01-27 20:33:19,917 [mos.py] => Task 19, Epoch 30/30 => Loss 0.043, CA_accy 98.81
2024-01-27 20:37:52,602 [mos.py] => the accuracy of the original model:84.63
2024-01-27 20:37:52,606 [trainer.py] => No NME accuracy.
2024-01-27 20:37:52,607 [trainer.py] => CNN: {'total': 89.12, '00-04': 92.0, '05-09': 88.0, '10-14': 86.6, '15-19': 88.6, '20-24': 94.8, '25-29': 90.6, '30-34': 91.0, '35-39': 89.2, '40-44': 90.0, '45-49': 85.4, '50-54': 86.0, '55-59': 86.2, '60-64': 86.0, '65-69': 95.6, '70-74': 86.0, '75-79': 83.8, '80-84': 91.8, '85-89': 88.4, '90-94': 94.4, '95-99': 88.0, 'old': 89.18, 'new': 88.0}
2024-01-27 20:37:52,607 [trainer.py] => CNN top1 curve: [99.4, 98.1, 96.93, 95.95, 95.88, 95.03, 94.43, 94.08, 93.42, 92.96, 92.11, 92.03, 91.57, 91.57, 90.93, 89.95, 89.71, 89.38, 89.47, 89.12]
2024-01-27 20:37:52,607 [trainer.py] => CNN top5 curve: [100.0, 100.0, 99.73, 99.6, 99.52, 99.3, 99.26, 99.18, 99.09, 99.02, 98.93, 98.77, 98.68, 98.66, 98.52, 98.44, 98.4, 98.19, 98.17, 98.03]

2024-01-27 20:37:52,607 [trainer.py] => Average Accuracy (CNN): 93.101 

2024-01-27 20:37:52,609 [trainer.py] => Forgetting (CNN): 4.073684210526316
