2024-01-15 01:01:08,421 [trainer.py] => config: ./exps/mos_cifar_in21k.json
2024-01-15 01:01:08,421 [trainer.py] => device: [device(type='cuda', index=1)]
2024-01-15 01:01:08,421 [trainer.py] => adapter_momentum: 0.1
2024-01-15 01:01:08,421 [trainer.py] => init_cls: 5
2024-01-15 01:01:08,421 [trainer.py] => increment: 5
2024-01-15 01:01:08,421 [trainer.py] => tuned_epoch: 20
2024-01-15 01:01:08,421 [trainer.py] => ensemble: True
2024-01-15 01:01:08,421 [trainer.py] => prefix:  
2024-01-15 01:01:08,421 [trainer.py] => dataset: cifar224
2024-01-15 01:01:08,421 [trainer.py] => memory_size: 0
2024-01-15 01:01:08,421 [trainer.py] => memory_per_class: 0
2024-01-15 01:01:08,421 [trainer.py] => fixed_memory: False
2024-01-15 01:01:08,421 [trainer.py] => shuffle: True
2024-01-15 01:01:08,421 [trainer.py] => model_name: mos
2024-01-15 01:01:08,422 [trainer.py] => backbone_type: vit_base_patch16_224_in21k_mos
2024-01-15 01:01:08,422 [trainer.py] => seed: 1993
2024-01-15 01:01:08,422 [trainer.py] => init_lr: 0.03
2024-01-15 01:01:08,422 [trainer.py] => batch_size: 48
2024-01-15 01:01:08,422 [trainer.py] => weight_decay: 0.0005
2024-01-15 01:01:08,422 [trainer.py] => min_lr: 0
2024-01-15 01:01:08,422 [trainer.py] => optimizer: sgd
2024-01-15 01:01:08,422 [trainer.py] => scheduler: cosine
2024-01-15 01:01:08,422 [trainer.py] => reinit_optimizer: True
2024-01-15 01:01:08,422 [trainer.py] => init_milestones: [10]
2024-01-15 01:01:08,422 [trainer.py] => init_lr_decay: 0.1
2024-01-15 01:01:08,422 [trainer.py] => reg: 0.1
2024-01-15 01:01:08,422 [trainer.py] => crct_epochs: 30
2024-01-15 01:01:08,422 [trainer.py] => ca_lr: 0.005
2024-01-15 01:01:08,422 [trainer.py] => ca_storage_efficient_method: covariance
2024-01-15 01:01:08,422 [trainer.py] => ca_storage_efficient_method_choices: ['covariance', 'multi-centroid', 'variance']
2024-01-15 01:01:08,422 [trainer.py] => n_centroids: 10
2024-01-15 01:01:08,422 [trainer.py] => pretrained: True
2024-01-15 01:01:08,422 [trainer.py] => drop: 0.0
2024-01-15 01:01:08,422 [trainer.py] => drop_path: 0.0
2024-01-15 01:01:08,422 [trainer.py] => ffn_num: 16
2024-01-15 01:01:10,610 [data_manager.py] => [68, 56, 78, 8, 23, 84, 90, 65, 74, 76, 40, 89, 3, 92, 55, 9, 26, 80, 43, 38, 58, 70, 77, 1, 85, 19, 17, 50, 28, 53, 13, 81, 45, 82, 6, 59, 83, 16, 15, 44, 91, 41, 72, 60, 79, 52, 20, 10, 31, 54, 37, 95, 14, 71, 96, 98, 97, 2, 64, 66, 42, 22, 35, 86, 24, 34, 87, 21, 99, 0, 88, 27, 18, 94, 11, 12, 47, 25, 30, 46, 62, 69, 36, 61, 7, 63, 75, 5, 32, 4, 51, 48, 73, 93, 39, 67, 29, 49, 57, 33]
2024-01-15 01:01:13,940 [mos.py] => 86,179,876 model total parameters.
2024-01-15 01:01:13,940 [mos.py] => 381,220 model training parameters.
2024-01-15 01:01:13,947 [mos.py] => head.weight: 76800
2024-01-15 01:01:13,947 [mos.py] => head.bias: 100
2024-01-15 01:01:13,947 [mos.py] => cur_adapter.0.down_proj.weight: 12288
2024-01-15 01:01:13,947 [mos.py] => cur_adapter.0.down_proj.bias: 16
2024-01-15 01:01:13,947 [mos.py] => cur_adapter.0.up_proj.weight: 12288
2024-01-15 01:01:13,947 [mos.py] => cur_adapter.0.up_proj.bias: 768
2024-01-15 01:01:13,947 [mos.py] => cur_adapter.1.down_proj.weight: 12288
2024-01-15 01:01:13,947 [mos.py] => cur_adapter.1.down_proj.bias: 16
2024-01-15 01:01:13,947 [mos.py] => cur_adapter.1.up_proj.weight: 12288
2024-01-15 01:01:13,947 [mos.py] => cur_adapter.1.up_proj.bias: 768
2024-01-15 01:01:13,947 [mos.py] => cur_adapter.2.down_proj.weight: 12288
2024-01-15 01:01:13,947 [mos.py] => cur_adapter.2.down_proj.bias: 16
2024-01-15 01:01:13,947 [mos.py] => cur_adapter.2.up_proj.weight: 12288
2024-01-15 01:01:13,947 [mos.py] => cur_adapter.2.up_proj.bias: 768
2024-01-15 01:01:13,947 [mos.py] => cur_adapter.3.down_proj.weight: 12288
2024-01-15 01:01:13,947 [mos.py] => cur_adapter.3.down_proj.bias: 16
2024-01-15 01:01:13,947 [mos.py] => cur_adapter.3.up_proj.weight: 12288
2024-01-15 01:01:13,947 [mos.py] => cur_adapter.3.up_proj.bias: 768
2024-01-15 01:01:13,947 [mos.py] => cur_adapter.4.down_proj.weight: 12288
2024-01-15 01:01:13,947 [mos.py] => cur_adapter.4.down_proj.bias: 16
2024-01-15 01:01:13,947 [mos.py] => cur_adapter.4.up_proj.weight: 12288
2024-01-15 01:01:13,947 [mos.py] => cur_adapter.4.up_proj.bias: 768
2024-01-15 01:01:13,947 [mos.py] => cur_adapter.5.down_proj.weight: 12288
2024-01-15 01:01:13,947 [mos.py] => cur_adapter.5.down_proj.bias: 16
2024-01-15 01:01:13,947 [mos.py] => cur_adapter.5.up_proj.weight: 12288
2024-01-15 01:01:13,947 [mos.py] => cur_adapter.5.up_proj.bias: 768
2024-01-15 01:01:13,947 [mos.py] => cur_adapter.6.down_proj.weight: 12288
2024-01-15 01:01:13,947 [mos.py] => cur_adapter.6.down_proj.bias: 16
2024-01-15 01:01:13,947 [mos.py] => cur_adapter.6.up_proj.weight: 12288
2024-01-15 01:01:13,947 [mos.py] => cur_adapter.6.up_proj.bias: 768
2024-01-15 01:01:13,947 [mos.py] => cur_adapter.7.down_proj.weight: 12288
2024-01-15 01:01:13,947 [mos.py] => cur_adapter.7.down_proj.bias: 16
2024-01-15 01:01:13,948 [mos.py] => cur_adapter.7.up_proj.weight: 12288
2024-01-15 01:01:13,948 [mos.py] => cur_adapter.7.up_proj.bias: 768
2024-01-15 01:01:13,948 [mos.py] => cur_adapter.8.down_proj.weight: 12288
2024-01-15 01:01:13,948 [mos.py] => cur_adapter.8.down_proj.bias: 16
2024-01-15 01:01:13,948 [mos.py] => cur_adapter.8.up_proj.weight: 12288
2024-01-15 01:01:13,948 [mos.py] => cur_adapter.8.up_proj.bias: 768
2024-01-15 01:01:13,948 [mos.py] => cur_adapter.9.down_proj.weight: 12288
2024-01-15 01:01:13,948 [mos.py] => cur_adapter.9.down_proj.bias: 16
2024-01-15 01:01:13,948 [mos.py] => cur_adapter.9.up_proj.weight: 12288
2024-01-15 01:01:13,948 [mos.py] => cur_adapter.9.up_proj.bias: 768
2024-01-15 01:01:13,948 [mos.py] => cur_adapter.10.down_proj.weight: 12288
2024-01-15 01:01:13,948 [mos.py] => cur_adapter.10.down_proj.bias: 16
2024-01-15 01:01:13,948 [mos.py] => cur_adapter.10.up_proj.weight: 12288
2024-01-15 01:01:13,948 [mos.py] => cur_adapter.10.up_proj.bias: 768
2024-01-15 01:01:13,948 [mos.py] => cur_adapter.11.down_proj.weight: 12288
2024-01-15 01:01:13,948 [mos.py] => cur_adapter.11.down_proj.bias: 16
2024-01-15 01:01:13,948 [mos.py] => cur_adapter.11.up_proj.weight: 12288
2024-01-15 01:01:13,948 [mos.py] => cur_adapter.11.up_proj.bias: 768
2024-01-15 01:01:13,948 [trainer.py] => All params: 86179876
2024-01-15 01:01:13,949 [trainer.py] => Trainable params: 381220
2024-01-15 01:01:13,954 [mos.py] => Learning on 0-5
2024-01-15 01:04:16,685 [mos.py] => Task 0, Epoch 20/20 => Loss 0.088, Train_accy 97.08
2024-01-15 01:04:30,357 [mos.py] => the accuracy of the original model:99.8
2024-01-15 01:04:30,358 [trainer.py] => No NME accuracy.
2024-01-15 01:04:30,358 [trainer.py] => CNN: {'total': 99.6, '00-04': 99.6, 'old': 0, 'new': 99.6}
2024-01-15 01:04:30,358 [trainer.py] => CNN top1 curve: [99.6]
2024-01-15 01:04:30,358 [trainer.py] => CNN top5 curve: [100.0]

2024-01-15 01:04:30,358 [trainer.py] => Average Accuracy (CNN): 99.6 

2024-01-15 01:04:30,359 [trainer.py] => All params: 86488037
2024-01-15 01:04:30,360 [trainer.py] => Trainable params: 381220
2024-01-15 01:04:30,361 [mos.py] => Learning on 5-10
2024-01-15 01:07:30,415 [mos.py] => Task 1, Epoch 20/20 => Loss 0.141, Train_accy 94.80
2024-01-15 01:07:37,849 [mos.py] => Task 1, Epoch 30/30 => Loss 0.008, CA_accy 99.92
2024-01-15 01:07:47,002 [mos.py] => the accuracy of the original model:97.8
2024-01-15 01:07:47,003 [trainer.py] => No NME accuracy.
2024-01-15 01:07:47,003 [trainer.py] => CNN: {'total': 98.1, '00-04': 99.0, '05-09': 97.2, 'old': 99.0, 'new': 97.2}
2024-01-15 01:07:47,003 [trainer.py] => CNN top1 curve: [99.6, 98.1]
2024-01-15 01:07:47,003 [trainer.py] => CNN top5 curve: [100.0, 100.0]

2024-01-15 01:07:47,003 [trainer.py] => Average Accuracy (CNN): 98.85 

2024-01-15 01:07:47,004 [trainer.py] => All params: 86796197
2024-01-15 01:07:47,005 [trainer.py] => Trainable params: 381220
2024-01-15 01:07:47,006 [mos.py] => Learning on 10-15
2024-01-15 01:10:49,460 [mos.py] => Task 2, Epoch 20/20 => Loss 0.154, Train_accy 94.52
2024-01-15 01:10:58,005 [mos.py] => Task 2, Epoch 30/30 => Loss 0.016, CA_accy 99.69
2024-01-15 01:11:13,471 [mos.py] => the accuracy of the original model:96.93
2024-01-15 01:11:13,473 [trainer.py] => No NME accuracy.
2024-01-15 01:11:13,473 [trainer.py] => CNN: {'total': 97.53, '00-04': 98.8, '05-09': 96.4, '10-14': 97.4, 'old': 97.6, 'new': 97.4}
2024-01-15 01:11:13,473 [trainer.py] => CNN top1 curve: [99.6, 98.1, 97.53]
2024-01-15 01:11:13,473 [trainer.py] => CNN top5 curve: [100.0, 100.0, 99.6]

2024-01-15 01:11:13,473 [trainer.py] => Average Accuracy (CNN): 98.41000000000001 

2024-01-15 01:11:13,475 [trainer.py] => All params: 87104357
2024-01-15 01:11:13,476 [trainer.py] => Trainable params: 381220
2024-01-15 01:11:13,477 [mos.py] => Learning on 15-20
2024-01-15 01:14:17,802 [mos.py] => Task 3, Epoch 20/20 => Loss 0.188, Train_accy 93.80
2024-01-15 01:14:26,932 [mos.py] => Task 3, Epoch 30/30 => Loss 0.019, CA_accy 99.58
2024-01-15 01:14:48,926 [mos.py] => the accuracy of the original model:95.45
2024-01-15 01:14:48,927 [trainer.py] => No NME accuracy.
2024-01-15 01:14:48,927 [trainer.py] => CNN: {'total': 96.2, '00-04': 98.8, '05-09': 95.0, '10-14': 97.0, '15-19': 94.0, 'old': 96.93, 'new': 94.0}
2024-01-15 01:14:48,927 [trainer.py] => CNN top1 curve: [99.6, 98.1, 97.53, 96.2]
2024-01-15 01:14:48,927 [trainer.py] => CNN top5 curve: [100.0, 100.0, 99.6, 99.4]

2024-01-15 01:14:48,928 [trainer.py] => Average Accuracy (CNN): 97.8575 

2024-01-15 01:14:48,929 [trainer.py] => All params: 87412517
2024-01-15 01:14:48,930 [trainer.py] => Trainable params: 381220
2024-01-15 01:14:48,935 [mos.py] => Learning on 20-25
2024-01-15 01:17:57,559 [mos.py] => Task 4, Epoch 20/20 => Loss 0.111, Train_accy 96.28
2024-01-15 01:18:06,304 [mos.py] => Task 4, Epoch 30/30 => Loss 0.015, CA_accy 99.70
2024-01-15 01:18:35,664 [mos.py] => the accuracy of the original model:95.12
2024-01-15 01:18:35,667 [trainer.py] => No NME accuracy.
2024-01-15 01:18:35,668 [trainer.py] => CNN: {'total': 96.2, '00-04': 98.8, '05-09': 95.8, '10-14': 96.4, '15-19': 93.8, '20-24': 96.2, 'old': 96.2, 'new': 96.2}
2024-01-15 01:18:35,668 [trainer.py] => CNN top1 curve: [99.6, 98.1, 97.53, 96.2, 96.2]
2024-01-15 01:18:35,668 [trainer.py] => CNN top5 curve: [100.0, 100.0, 99.6, 99.4, 99.44]

2024-01-15 01:18:35,668 [trainer.py] => Average Accuracy (CNN): 97.526 

2024-01-15 01:18:35,671 [trainer.py] => All params: 87720677
2024-01-15 01:18:35,672 [trainer.py] => Trainable params: 381220
2024-01-15 01:18:35,675 [mos.py] => Learning on 25-30
2024-01-15 01:21:39,678 [mos.py] => Task 5, Epoch 20/20 => Loss 0.114, Train_accy 96.32
2024-01-15 01:21:49,657 [mos.py] => Task 5, Epoch 30/30 => Loss 0.025, CA_accy 99.28
2024-01-15 01:22:29,017 [mos.py] => the accuracy of the original model:94.2
2024-01-15 01:22:29,019 [trainer.py] => No NME accuracy.
2024-01-15 01:22:29,019 [trainer.py] => CNN: {'total': 95.43, '00-04': 98.6, '05-09': 93.8, '10-14': 94.8, '15-19': 94.2, '20-24': 95.8, '25-29': 95.4, 'old': 95.44, 'new': 95.4}
2024-01-15 01:22:29,020 [trainer.py] => CNN top1 curve: [99.6, 98.1, 97.53, 96.2, 96.2, 95.43]
2024-01-15 01:22:29,020 [trainer.py] => CNN top5 curve: [100.0, 100.0, 99.6, 99.4, 99.44, 99.37]

2024-01-15 01:22:29,020 [trainer.py] => Average Accuracy (CNN): 97.17666666666666 

2024-01-15 01:22:29,022 [trainer.py] => All params: 88028837
2024-01-15 01:22:29,023 [trainer.py] => Trainable params: 381220
2024-01-15 01:22:29,024 [mos.py] => Learning on 30-35
2024-01-15 01:25:33,077 [mos.py] => Task 6, Epoch 20/20 => Loss 0.206, Train_accy 92.52
2024-01-15 01:25:43,468 [mos.py] => Task 6, Epoch 30/30 => Loss 0.035, CA_accy 98.99
2024-01-15 01:26:33,316 [mos.py] => the accuracy of the original model:92.63
2024-01-15 01:26:33,317 [trainer.py] => No NME accuracy.
2024-01-15 01:26:33,317 [trainer.py] => CNN: {'total': 94.54, '00-04': 98.4, '05-09': 93.4, '10-14': 94.6, '15-19': 92.2, '20-24': 95.2, '25-29': 95.4, '30-34': 92.6, 'old': 94.87, 'new': 92.6}
2024-01-15 01:26:33,317 [trainer.py] => CNN top1 curve: [99.6, 98.1, 97.53, 96.2, 96.2, 95.43, 94.54]
2024-01-15 01:26:33,318 [trainer.py] => CNN top5 curve: [100.0, 100.0, 99.6, 99.4, 99.44, 99.37, 99.43]

2024-01-15 01:26:33,318 [trainer.py] => Average Accuracy (CNN): 96.79999999999998 

2024-01-15 01:26:33,319 [trainer.py] => All params: 88336997
2024-01-15 01:26:33,320 [trainer.py] => Trainable params: 381220
2024-01-15 01:26:33,321 [mos.py] => Learning on 35-40
2024-01-15 01:29:37,646 [mos.py] => Task 7, Epoch 20/20 => Loss 0.094, Train_accy 96.76
2024-01-15 01:29:48,495 [mos.py] => Task 7, Epoch 30/30 => Loss 0.027, CA_accy 99.30
2024-01-15 01:30:54,214 [mos.py] => the accuracy of the original model:92.15
2024-01-15 01:30:54,216 [trainer.py] => No NME accuracy.
2024-01-15 01:30:54,216 [trainer.py] => CNN: {'total': 94.28, '00-04': 97.6, '05-09': 92.8, '10-14': 94.4, '15-19': 91.4, '20-24': 94.8, '25-29': 95.4, '30-34': 92.6, '35-39': 95.2, 'old': 94.14, 'new': 95.2}
2024-01-15 01:30:54,216 [trainer.py] => CNN top1 curve: [99.6, 98.1, 97.53, 96.2, 96.2, 95.43, 94.54, 94.28]
2024-01-15 01:30:54,216 [trainer.py] => CNN top5 curve: [100.0, 100.0, 99.6, 99.4, 99.44, 99.37, 99.43, 99.3]

2024-01-15 01:30:54,216 [trainer.py] => Average Accuracy (CNN): 96.48499999999999 

2024-01-15 01:30:54,218 [trainer.py] => All params: 88645157
2024-01-15 01:30:54,220 [trainer.py] => Trainable params: 381220
2024-01-15 01:30:54,224 [mos.py] => Learning on 40-45
2024-01-15 01:33:56,036 [mos.py] => Task 8, Epoch 20/20 => Loss 0.141, Train_accy 95.88
2024-01-15 01:34:06,766 [mos.py] => Task 8, Epoch 30/30 => Loss 0.037, CA_accy 99.02
2024-01-15 01:35:22,332 [mos.py] => the accuracy of the original model:91.4
2024-01-15 01:35:22,334 [trainer.py] => No NME accuracy.
2024-01-15 01:35:22,334 [trainer.py] => CNN: {'total': 93.51, '00-04': 96.2, '05-09': 93.2, '10-14': 93.0, '15-19': 90.6, '20-24': 94.2, '25-29': 95.0, '30-34': 92.4, '35-39': 94.6, '40-44': 92.4, 'old': 93.65, 'new': 92.4}
2024-01-15 01:35:22,334 [trainer.py] => CNN top1 curve: [99.6, 98.1, 97.53, 96.2, 96.2, 95.43, 94.54, 94.28, 93.51]
2024-01-15 01:35:22,334 [trainer.py] => CNN top5 curve: [100.0, 100.0, 99.6, 99.4, 99.44, 99.37, 99.43, 99.3, 99.2]

2024-01-15 01:35:22,334 [trainer.py] => Average Accuracy (CNN): 96.15444444444444 

2024-01-15 01:35:22,337 [trainer.py] => All params: 88953317
2024-01-15 01:35:22,339 [trainer.py] => Trainable params: 381220
2024-01-15 01:35:22,340 [mos.py] => Learning on 45-50
2024-01-15 01:38:25,767 [mos.py] => Task 9, Epoch 20/20 => Loss 0.127, Train_accy 97.52
2024-01-15 01:38:37,540 [mos.py] => Task 9, Epoch 30/30 => Loss 0.037, CA_accy 98.98
2024-01-15 01:40:10,545 [mos.py] => the accuracy of the original model:90.48
2024-01-15 01:40:10,548 [trainer.py] => No NME accuracy.
2024-01-15 01:40:10,549 [trainer.py] => CNN: {'total': 92.9, '00-04': 96.2, '05-09': 92.6, '10-14': 92.2, '15-19': 90.2, '20-24': 94.4, '25-29': 93.6, '30-34': 91.6, '35-39': 93.2, '40-44': 92.6, '45-49': 92.4, 'old': 92.96, 'new': 92.4}
2024-01-15 01:40:10,549 [trainer.py] => CNN top1 curve: [99.6, 98.1, 97.53, 96.2, 96.2, 95.43, 94.54, 94.28, 93.51, 92.9]
2024-01-15 01:40:10,549 [trainer.py] => CNN top5 curve: [100.0, 100.0, 99.6, 99.4, 99.44, 99.37, 99.43, 99.3, 99.2, 99.1]

2024-01-15 01:40:10,549 [trainer.py] => Average Accuracy (CNN): 95.82899999999998 

2024-01-15 01:40:10,553 [trainer.py] => All params: 89261477
2024-01-15 01:40:10,555 [trainer.py] => Trainable params: 381220
2024-01-15 01:40:10,556 [mos.py] => Learning on 50-55
2024-01-15 01:43:12,185 [mos.py] => Task 10, Epoch 20/20 => Loss 0.110, Train_accy 97.24
2024-01-15 01:43:24,125 [mos.py] => Task 10, Epoch 30/30 => Loss 0.041, CA_accy 98.95
2024-01-15 01:45:16,495 [mos.py] => the accuracy of the original model:89.36
2024-01-15 01:45:16,498 [trainer.py] => No NME accuracy.
2024-01-15 01:45:16,499 [trainer.py] => CNN: {'total': 92.24, '00-04': 94.4, '05-09': 92.4, '10-14': 91.8, '15-19': 90.0, '20-24': 94.6, '25-29': 92.6, '30-34': 91.6, '35-39': 93.2, '40-44': 91.4, '45-49': 92.6, '50-54': 90.0, 'old': 92.46, 'new': 90.0}
2024-01-15 01:45:16,499 [trainer.py] => CNN top1 curve: [99.6, 98.1, 97.53, 96.2, 96.2, 95.43, 94.54, 94.28, 93.51, 92.9, 92.24]
2024-01-15 01:45:16,499 [trainer.py] => CNN top5 curve: [100.0, 100.0, 99.6, 99.4, 99.44, 99.37, 99.43, 99.3, 99.2, 99.1, 99.15]

2024-01-15 01:45:16,499 [trainer.py] => Average Accuracy (CNN): 95.50272727272726 

2024-01-15 01:45:16,505 [trainer.py] => All params: 89569637
2024-01-15 01:45:16,510 [trainer.py] => Trainable params: 381220
2024-01-15 01:45:16,511 [mos.py] => Learning on 55-60
2024-01-15 01:48:20,055 [mos.py] => Task 11, Epoch 20/20 => Loss 0.289, Train_accy 91.60
2024-01-15 01:48:32,185 [mos.py] => Task 11, Epoch 30/30 => Loss 0.041, CA_accy 99.00
2024-01-15 01:50:38,421 [mos.py] => the accuracy of the original model:89.3
2024-01-15 01:50:38,424 [trainer.py] => No NME accuracy.
2024-01-15 01:50:38,424 [trainer.py] => CNN: {'total': 92.1, '00-04': 94.8, '05-09': 91.8, '10-14': 91.2, '15-19': 89.6, '20-24': 94.4, '25-29': 92.8, '30-34': 91.4, '35-39': 93.2, '40-44': 91.6, '45-49': 91.6, '50-54': 90.4, '55-59': 92.4, 'old': 92.07, 'new': 92.4}
2024-01-15 01:50:38,424 [trainer.py] => CNN top1 curve: [99.6, 98.1, 97.53, 96.2, 96.2, 95.43, 94.54, 94.28, 93.51, 92.9, 92.24, 92.1]
2024-01-15 01:50:38,424 [trainer.py] => CNN top5 curve: [100.0, 100.0, 99.6, 99.4, 99.44, 99.37, 99.43, 99.3, 99.2, 99.1, 99.15, 98.92]

2024-01-15 01:50:38,424 [trainer.py] => Average Accuracy (CNN): 95.21916666666664 

2024-01-15 01:50:38,427 [trainer.py] => All params: 89877797
2024-01-15 01:50:38,429 [trainer.py] => Trainable params: 381220
2024-01-15 01:50:38,431 [mos.py] => Learning on 60-65
2024-01-15 01:53:40,863 [mos.py] => Task 12, Epoch 20/20 => Loss 0.217, Train_accy 96.84
2024-01-15 01:53:53,277 [mos.py] => Task 12, Epoch 30/30 => Loss 0.043, CA_accy 98.81
2024-01-15 01:56:21,993 [mos.py] => the accuracy of the original model:89.09
2024-01-15 01:56:21,996 [trainer.py] => No NME accuracy.
2024-01-15 01:56:21,997 [trainer.py] => CNN: {'total': 91.85, '00-04': 94.6, '05-09': 91.6, '10-14': 91.4, '15-19': 89.8, '20-24': 94.6, '25-29': 92.4, '30-34': 91.4, '35-39': 93.2, '40-44': 91.4, '45-49': 92.6, '50-54': 90.0, '55-59': 89.4, '60-64': 91.6, 'old': 91.87, 'new': 91.6}
2024-01-15 01:56:21,997 [trainer.py] => CNN top1 curve: [99.6, 98.1, 97.53, 96.2, 96.2, 95.43, 94.54, 94.28, 93.51, 92.9, 92.24, 92.1, 91.85]
2024-01-15 01:56:21,997 [trainer.py] => CNN top5 curve: [100.0, 100.0, 99.6, 99.4, 99.44, 99.37, 99.43, 99.3, 99.2, 99.1, 99.15, 98.92, 98.98]

2024-01-15 01:56:21,997 [trainer.py] => Average Accuracy (CNN): 94.95999999999997 

2024-01-15 01:56:22,000 [trainer.py] => All params: 90185957
2024-01-15 01:56:22,004 [trainer.py] => Trainable params: 381220
2024-01-15 01:56:22,006 [mos.py] => Learning on 65-70
2024-01-15 01:59:26,471 [mos.py] => Task 13, Epoch 20/20 => Loss 0.144, Train_accy 97.28
2024-01-15 01:59:40,178 [mos.py] => Task 13, Epoch 30/30 => Loss 0.041, CA_accy 98.82
2024-01-15 02:02:36,564 [mos.py] => the accuracy of the original model:89.14
2024-01-15 02:02:36,566 [trainer.py] => No NME accuracy.
2024-01-15 02:02:36,566 [trainer.py] => CNN: {'total': 91.67, '00-04': 92.6, '05-09': 91.8, '10-14': 90.4, '15-19': 89.6, '20-24': 94.6, '25-29': 92.0, '30-34': 91.0, '35-39': 92.8, '40-44': 91.4, '45-49': 91.6, '50-54': 89.8, '55-59': 89.4, '60-64': 90.6, '65-69': 95.8, 'old': 91.35, 'new': 95.8}
2024-01-15 02:02:36,566 [trainer.py] => CNN top1 curve: [99.6, 98.1, 97.53, 96.2, 96.2, 95.43, 94.54, 94.28, 93.51, 92.9, 92.24, 92.1, 91.85, 91.67]
2024-01-15 02:02:36,566 [trainer.py] => CNN top5 curve: [100.0, 100.0, 99.6, 99.4, 99.44, 99.37, 99.43, 99.3, 99.2, 99.1, 99.15, 98.92, 98.98, 98.93]

2024-01-15 02:02:36,566 [trainer.py] => Average Accuracy (CNN): 94.72499999999998 

2024-01-15 02:02:36,569 [trainer.py] => All params: 90494117
2024-01-15 02:02:36,571 [trainer.py] => Trainable params: 381220
2024-01-15 02:02:36,572 [mos.py] => Learning on 70-75
2024-01-15 02:05:40,533 [mos.py] => Task 14, Epoch 20/20 => Loss 0.220, Train_accy 96.64
2024-01-15 02:05:53,431 [mos.py] => Task 14, Epoch 30/30 => Loss 0.047, CA_accy 98.79
2024-01-15 02:09:12,242 [mos.py] => the accuracy of the original model:88.28
2024-01-15 02:09:12,245 [trainer.py] => No NME accuracy.
2024-01-15 02:09:12,245 [trainer.py] => CNN: {'total': 91.25, '00-04': 93.2, '05-09': 91.2, '10-14': 90.2, '15-19': 89.2, '20-24': 94.6, '25-29': 92.2, '30-34': 91.2, '35-39': 92.2, '40-44': 91.0, '45-49': 91.8, '50-54': 90.8, '55-59': 87.2, '60-64': 88.8, '65-69': 95.4, '70-74': 89.8, 'old': 91.36, 'new': 89.8}
2024-01-15 02:09:12,245 [trainer.py] => CNN top1 curve: [99.6, 98.1, 97.53, 96.2, 96.2, 95.43, 94.54, 94.28, 93.51, 92.9, 92.24, 92.1, 91.85, 91.67, 91.25]
2024-01-15 02:09:12,245 [trainer.py] => CNN top5 curve: [100.0, 100.0, 99.6, 99.4, 99.44, 99.37, 99.43, 99.3, 99.2, 99.1, 99.15, 98.92, 98.98, 98.93, 98.81]

2024-01-15 02:09:12,245 [trainer.py] => Average Accuracy (CNN): 94.49333333333331 

2024-01-15 02:09:12,248 [trainer.py] => All params: 90802277
2024-01-15 02:09:12,251 [trainer.py] => Trainable params: 381220
2024-01-15 02:09:12,252 [mos.py] => Learning on 75-80
2024-01-15 02:12:17,319 [mos.py] => Task 15, Epoch 20/20 => Loss 0.208, Train_accy 97.28
2024-01-15 02:12:31,098 [mos.py] => Task 15, Epoch 30/30 => Loss 0.058, CA_accy 98.35
2024-01-15 02:16:15,449 [mos.py] => the accuracy of the original model:87.15
2024-01-15 02:16:15,453 [trainer.py] => No NME accuracy.
2024-01-15 02:16:15,453 [trainer.py] => CNN: {'total': 90.25, '00-04': 93.6, '05-09': 90.2, '10-14': 89.4, '15-19': 89.0, '20-24': 95.0, '25-29': 92.0, '30-34': 91.0, '35-39': 92.0, '40-44': 91.2, '45-49': 89.0, '50-54': 88.2, '55-59': 86.2, '60-64': 88.6, '65-69': 95.6, '70-74': 88.0, '75-79': 85.0, 'old': 90.6, 'new': 85.0}
2024-01-15 02:16:15,453 [trainer.py] => CNN top1 curve: [99.6, 98.1, 97.53, 96.2, 96.2, 95.43, 94.54, 94.28, 93.51, 92.9, 92.24, 92.1, 91.85, 91.67, 91.25, 90.25]
2024-01-15 02:16:15,453 [trainer.py] => CNN top5 curve: [100.0, 100.0, 99.6, 99.4, 99.44, 99.37, 99.43, 99.3, 99.2, 99.1, 99.15, 98.92, 98.98, 98.93, 98.81, 98.74]

2024-01-15 02:16:15,453 [trainer.py] => Average Accuracy (CNN): 94.22812499999998 

2024-01-15 02:16:15,457 [trainer.py] => All params: 91110437
2024-01-15 02:16:15,459 [trainer.py] => Trainable params: 381220
2024-01-15 02:16:15,460 [mos.py] => Learning on 80-85
2024-01-15 02:19:22,940 [mos.py] => Task 16, Epoch 20/20 => Loss 0.165, Train_accy 97.20
2024-01-15 02:19:39,202 [mos.py] => Task 16, Epoch 30/30 => Loss 0.055, CA_accy 98.47
2024-01-15 02:23:44,624 [mos.py] => the accuracy of the original model:86.84
2024-01-15 02:23:44,628 [trainer.py] => No NME accuracy.
2024-01-15 02:23:44,629 [trainer.py] => CNN: {'total': 89.94, '00-04': 93.4, '05-09': 90.4, '10-14': 89.4, '15-19': 88.4, '20-24': 94.8, '25-29': 91.8, '30-34': 90.4, '35-39': 92.4, '40-44': 90.2, '45-49': 86.8, '50-54': 88.0, '55-59': 85.8, '60-64': 88.0, '65-69': 95.6, '70-74': 87.6, '75-79': 85.0, '80-84': 91.0, 'old': 89.88, 'new': 91.0}
2024-01-15 02:23:44,629 [trainer.py] => CNN top1 curve: [99.6, 98.1, 97.53, 96.2, 96.2, 95.43, 94.54, 94.28, 93.51, 92.9, 92.24, 92.1, 91.85, 91.67, 91.25, 90.25, 89.94]
2024-01-15 02:23:44,629 [trainer.py] => CNN top5 curve: [100.0, 100.0, 99.6, 99.4, 99.44, 99.37, 99.43, 99.3, 99.2, 99.1, 99.15, 98.92, 98.98, 98.93, 98.81, 98.74, 98.65]

2024-01-15 02:23:44,629 [trainer.py] => Average Accuracy (CNN): 93.97588235294116 

2024-01-15 02:23:44,632 [trainer.py] => All params: 91418597
2024-01-15 02:23:44,634 [trainer.py] => Trainable params: 381220
2024-01-15 02:23:44,635 [mos.py] => Learning on 85-90
2024-01-15 02:26:53,666 [mos.py] => Task 17, Epoch 20/20 => Loss 0.321, Train_accy 92.64
2024-01-15 02:27:08,391 [mos.py] => Task 17, Epoch 30/30 => Loss 0.057, CA_accy 98.46
2024-01-15 02:31:46,645 [mos.py] => the accuracy of the original model:86.34
2024-01-15 02:31:46,649 [trainer.py] => No NME accuracy.
2024-01-15 02:31:46,649 [trainer.py] => CNN: {'total': 89.6, '00-04': 92.8, '05-09': 89.6, '10-14': 89.4, '15-19': 88.8, '20-24': 95.0, '25-29': 92.0, '30-34': 90.2, '35-39': 92.0, '40-44': 89.4, '45-49': 86.6, '50-54': 87.6, '55-59': 85.2, '60-64': 87.8, '65-69': 95.4, '70-74': 87.6, '75-79': 85.2, '80-84': 91.4, '85-89': 86.8, 'old': 89.76, 'new': 86.8}
2024-01-15 02:31:46,649 [trainer.py] => CNN top1 curve: [99.6, 98.1, 97.53, 96.2, 96.2, 95.43, 94.54, 94.28, 93.51, 92.9, 92.24, 92.1, 91.85, 91.67, 91.25, 90.25, 89.94, 89.6]
2024-01-15 02:31:46,649 [trainer.py] => CNN top5 curve: [100.0, 100.0, 99.6, 99.4, 99.44, 99.37, 99.43, 99.3, 99.2, 99.1, 99.15, 98.92, 98.98, 98.93, 98.81, 98.74, 98.65, 98.49]

2024-01-15 02:31:46,650 [trainer.py] => Average Accuracy (CNN): 93.73277777777776 

2024-01-15 02:31:46,654 [trainer.py] => All params: 91726757
2024-01-15 02:31:46,656 [trainer.py] => Trainable params: 381220
2024-01-15 02:31:46,657 [mos.py] => Learning on 90-95
2024-01-15 02:34:52,819 [mos.py] => Task 18, Epoch 20/20 => Loss 0.158, Train_accy 96.32
2024-01-15 02:35:08,830 [mos.py] => Task 18, Epoch 30/30 => Loss 0.052, CA_accy 98.71
2024-01-15 02:40:13,071 [mos.py] => the accuracy of the original model:86.42
2024-01-15 02:40:13,075 [trainer.py] => No NME accuracy.
2024-01-15 02:40:13,075 [trainer.py] => CNN: {'total': 89.47, '00-04': 92.2, '05-09': 89.0, '10-14': 89.8, '15-19': 88.4, '20-24': 93.8, '25-29': 91.4, '30-34': 90.2, '35-39': 92.0, '40-44': 88.8, '45-49': 86.6, '50-54': 87.4, '55-59': 85.6, '60-64': 87.4, '65-69': 95.4, '70-74': 87.8, '75-79': 83.6, '80-84': 91.0, '85-89': 86.8, '90-94': 92.8, 'old': 89.29, 'new': 92.8}
2024-01-15 02:40:13,075 [trainer.py] => CNN top1 curve: [99.6, 98.1, 97.53, 96.2, 96.2, 95.43, 94.54, 94.28, 93.51, 92.9, 92.24, 92.1, 91.85, 91.67, 91.25, 90.25, 89.94, 89.6, 89.47]
2024-01-15 02:40:13,075 [trainer.py] => CNN top5 curve: [100.0, 100.0, 99.6, 99.4, 99.44, 99.37, 99.43, 99.3, 99.2, 99.1, 99.15, 98.92, 98.98, 98.93, 98.81, 98.74, 98.65, 98.49, 98.46]

2024-01-15 02:40:13,075 [trainer.py] => Average Accuracy (CNN): 93.50842105263156 

2024-01-15 02:40:13,078 [trainer.py] => All params: 92034917
2024-01-15 02:40:13,081 [trainer.py] => Trainable params: 381220
2024-01-15 02:40:13,082 [mos.py] => Learning on 95-100
2024-01-15 02:43:19,217 [mos.py] => Task 19, Epoch 20/20 => Loss 0.172, Train_accy 96.36
2024-01-15 02:43:36,508 [mos.py] => Task 19, Epoch 30/30 => Loss 0.057, CA_accy 98.40
2024-01-15 02:49:16,820 [mos.py] => the accuracy of the original model:86.01
2024-01-15 02:49:16,824 [trainer.py] => No NME accuracy.
2024-01-15 02:49:16,824 [trainer.py] => CNN: {'total': 89.25, '00-04': 92.2, '05-09': 89.2, '10-14': 89.2, '15-19': 88.2, '20-24': 94.0, '25-29': 91.4, '30-34': 89.8, '35-39': 91.8, '40-44': 88.0, '45-49': 85.8, '50-54': 87.6, '55-59': 85.6, '60-64': 87.6, '65-69': 95.4, '70-74': 86.8, '75-79': 84.0, '80-84': 90.4, '85-89': 86.6, '90-94': 92.6, '95-99': 88.8, 'old': 89.27, 'new': 88.8}
2024-01-15 02:49:16,824 [trainer.py] => CNN top1 curve: [99.6, 98.1, 97.53, 96.2, 96.2, 95.43, 94.54, 94.28, 93.51, 92.9, 92.24, 92.1, 91.85, 91.67, 91.25, 90.25, 89.94, 89.6, 89.47, 89.25]
2024-01-15 02:49:16,824 [trainer.py] => CNN top5 curve: [100.0, 100.0, 99.6, 99.4, 99.44, 99.37, 99.43, 99.3, 99.2, 99.1, 99.15, 98.92, 98.98, 98.93, 98.81, 98.74, 98.65, 98.49, 98.46, 98.28]

2024-01-15 02:49:16,824 [trainer.py] => Average Accuracy (CNN): 93.29549999999998 

2024-01-15 02:49:16,826 [trainer.py] => Forgetting (CNN): 3.8631578947368426
