2024-01-27 20:37:56,791 [trainer.py] => config: ./exps/mos_cub.json
2024-01-27 20:37:56,791 [trainer.py] => prefix:  
2024-01-27 20:37:56,792 [trainer.py] => dataset: cub
2024-01-27 20:37:56,792 [trainer.py] => memory_size: 0
2024-01-27 20:37:56,792 [trainer.py] => memory_per_class: 0
2024-01-27 20:37:56,792 [trainer.py] => fixed_memory: False
2024-01-27 20:37:56,792 [trainer.py] => shuffle: True
2024-01-27 20:37:56,792 [trainer.py] => init_cls: 10
2024-01-27 20:37:56,792 [trainer.py] => increment: 10
2024-01-27 20:37:56,792 [trainer.py] => model_name: mos
2024-01-27 20:37:56,792 [trainer.py] => backbone_type: vit_base_patch16_224_mos
2024-01-27 20:37:56,792 [trainer.py] => device: [device(type='cuda', index=3)]
2024-01-27 20:37:56,792 [trainer.py] => seed: 1993
2024-01-27 20:37:56,792 [trainer.py] => tuned_epoch: 10
2024-01-27 20:37:56,792 [trainer.py] => init_lr: 0.01
2024-01-27 20:37:56,792 [trainer.py] => batch_size: 32
2024-01-27 20:37:56,792 [trainer.py] => weight_decay: 0.0005
2024-01-27 20:37:56,792 [trainer.py] => min_lr: 0
2024-01-27 20:37:56,792 [trainer.py] => optimizer: sgd
2024-01-27 20:37:56,792 [trainer.py] => scheduler: cosine
2024-01-27 20:37:56,792 [trainer.py] => reinit_optimizer: True
2024-01-27 20:37:56,792 [trainer.py] => init_milestones: [10]
2024-01-27 20:37:56,792 [trainer.py] => init_lr_decay: 0.1
2024-01-27 20:37:56,792 [trainer.py] => reg: 0.1
2024-01-27 20:37:56,792 [trainer.py] => adapter_momentum: 0.1
2024-01-27 20:37:56,792 [trainer.py] => ensemble: True
2024-01-27 20:37:56,792 [trainer.py] => crct_epochs: 30
2024-01-27 20:37:56,792 [trainer.py] => ca_lr: 0.005
2024-01-27 20:37:56,792 [trainer.py] => ca_storage_efficient_method: covariance
2024-01-27 20:37:56,792 [trainer.py] => ca_storage_efficient_method_choices: ['covariance', 'multi-centroid', 'variance']
2024-01-27 20:37:56,792 [trainer.py] => n_centroids: 10
2024-01-27 20:37:56,792 [trainer.py] => pretrained: True
2024-01-27 20:37:56,792 [trainer.py] => drop: 0.0
2024-01-27 20:37:56,792 [trainer.py] => drop_path: 0.0
2024-01-27 20:37:56,792 [trainer.py] => ffn_num: 16
2024-01-27 20:37:56,822 [data_manager.py] => [168, 136, 51, 9, 183, 101, 171, 99, 42, 159, 191, 70, 16, 188, 27, 10, 175, 26, 68, 187, 98, 6, 85, 35, 112, 43, 100, 0, 103, 181, 88, 59, 4, 2, 116, 174, 94, 80, 106, 1, 147, 17, 141, 131, 72, 23, 173, 54, 197, 118, 87, 32, 79, 104, 91, 19, 135, 107, 178, 36, 11, 199, 142, 8, 122, 3, 28, 57, 153, 172, 190, 56, 49, 44, 97, 62, 151, 169, 194, 55, 192, 12, 189, 78, 66, 180, 15, 137, 109, 134, 92, 119, 126, 52, 170, 40, 148, 65, 144, 64, 138, 45, 77, 89, 154, 90, 71, 193, 74, 30, 113, 143, 96, 84, 67, 50, 186, 156, 69, 21, 18, 111, 108, 58, 125, 157, 150, 110, 182, 129, 166, 83, 81, 60, 13, 165, 14, 176, 63, 117, 5, 22, 145, 121, 38, 41, 82, 127, 114, 20, 31, 53, 37, 163, 196, 130, 152, 162, 86, 76, 24, 34, 184, 149, 33, 128, 198, 155, 146, 167, 139, 120, 140, 102, 47, 25, 158, 123, 46, 164, 61, 7, 115, 75, 133, 160, 105, 132, 179, 124, 48, 73, 93, 39, 95, 195, 29, 177, 185, 161]
2024-01-27 20:38:00,186 [mos.py] => 86,256,776 model total parameters.
2024-01-27 20:38:00,186 [mos.py] => 458,120 model training parameters.
2024-01-27 20:38:00,187 [mos.py] => head.weight: 153600
2024-01-27 20:38:00,187 [mos.py] => head.bias: 200
2024-01-27 20:38:00,187 [mos.py] => cur_adapter.0.down_proj.weight: 12288
2024-01-27 20:38:00,187 [mos.py] => cur_adapter.0.down_proj.bias: 16
2024-01-27 20:38:00,187 [mos.py] => cur_adapter.0.up_proj.weight: 12288
2024-01-27 20:38:00,187 [mos.py] => cur_adapter.0.up_proj.bias: 768
2024-01-27 20:38:00,187 [mos.py] => cur_adapter.1.down_proj.weight: 12288
2024-01-27 20:38:00,187 [mos.py] => cur_adapter.1.down_proj.bias: 16
2024-01-27 20:38:00,187 [mos.py] => cur_adapter.1.up_proj.weight: 12288
2024-01-27 20:38:00,187 [mos.py] => cur_adapter.1.up_proj.bias: 768
2024-01-27 20:38:00,187 [mos.py] => cur_adapter.2.down_proj.weight: 12288
2024-01-27 20:38:00,187 [mos.py] => cur_adapter.2.down_proj.bias: 16
2024-01-27 20:38:00,187 [mos.py] => cur_adapter.2.up_proj.weight: 12288
2024-01-27 20:38:00,187 [mos.py] => cur_adapter.2.up_proj.bias: 768
2024-01-27 20:38:00,187 [mos.py] => cur_adapter.3.down_proj.weight: 12288
2024-01-27 20:38:00,187 [mos.py] => cur_adapter.3.down_proj.bias: 16
2024-01-27 20:38:00,187 [mos.py] => cur_adapter.3.up_proj.weight: 12288
2024-01-27 20:38:00,187 [mos.py] => cur_adapter.3.up_proj.bias: 768
2024-01-27 20:38:00,187 [mos.py] => cur_adapter.4.down_proj.weight: 12288
2024-01-27 20:38:00,187 [mos.py] => cur_adapter.4.down_proj.bias: 16
2024-01-27 20:38:00,187 [mos.py] => cur_adapter.4.up_proj.weight: 12288
2024-01-27 20:38:00,187 [mos.py] => cur_adapter.4.up_proj.bias: 768
2024-01-27 20:38:00,187 [mos.py] => cur_adapter.5.down_proj.weight: 12288
2024-01-27 20:38:00,187 [mos.py] => cur_adapter.5.down_proj.bias: 16
2024-01-27 20:38:00,187 [mos.py] => cur_adapter.5.up_proj.weight: 12288
2024-01-27 20:38:00,187 [mos.py] => cur_adapter.5.up_proj.bias: 768
2024-01-27 20:38:00,187 [mos.py] => cur_adapter.6.down_proj.weight: 12288
2024-01-27 20:38:00,187 [mos.py] => cur_adapter.6.down_proj.bias: 16
2024-01-27 20:38:00,187 [mos.py] => cur_adapter.6.up_proj.weight: 12288
2024-01-27 20:38:00,187 [mos.py] => cur_adapter.6.up_proj.bias: 768
2024-01-27 20:38:00,187 [mos.py] => cur_adapter.7.down_proj.weight: 12288
2024-01-27 20:38:00,187 [mos.py] => cur_adapter.7.down_proj.bias: 16
2024-01-27 20:38:00,188 [mos.py] => cur_adapter.7.up_proj.weight: 12288
2024-01-27 20:38:00,188 [mos.py] => cur_adapter.7.up_proj.bias: 768
2024-01-27 20:38:00,188 [mos.py] => cur_adapter.8.down_proj.weight: 12288
2024-01-27 20:38:00,188 [mos.py] => cur_adapter.8.down_proj.bias: 16
2024-01-27 20:38:00,188 [mos.py] => cur_adapter.8.up_proj.weight: 12288
2024-01-27 20:38:00,188 [mos.py] => cur_adapter.8.up_proj.bias: 768
2024-01-27 20:38:00,188 [mos.py] => cur_adapter.9.down_proj.weight: 12288
2024-01-27 20:38:00,188 [mos.py] => cur_adapter.9.down_proj.bias: 16
2024-01-27 20:38:00,188 [mos.py] => cur_adapter.9.up_proj.weight: 12288
2024-01-27 20:38:00,188 [mos.py] => cur_adapter.9.up_proj.bias: 768
2024-01-27 20:38:00,188 [mos.py] => cur_adapter.10.down_proj.weight: 12288
2024-01-27 20:38:00,188 [mos.py] => cur_adapter.10.down_proj.bias: 16
2024-01-27 20:38:00,188 [mos.py] => cur_adapter.10.up_proj.weight: 12288
2024-01-27 20:38:00,188 [mos.py] => cur_adapter.10.up_proj.bias: 768
2024-01-27 20:38:00,188 [mos.py] => cur_adapter.11.down_proj.weight: 12288
2024-01-27 20:38:00,188 [mos.py] => cur_adapter.11.down_proj.bias: 16
2024-01-27 20:38:00,188 [mos.py] => cur_adapter.11.up_proj.weight: 12288
2024-01-27 20:38:00,188 [mos.py] => cur_adapter.11.up_proj.bias: 768
2024-01-27 20:38:00,188 [trainer.py] => All params: 86256776
2024-01-27 20:38:00,189 [trainer.py] => Trainable params: 458120
2024-01-27 20:38:00,189 [mos.py] => Learning on 0-10
2024-01-27 20:38:22,706 [mos.py] => Task 0, Epoch 10/10 => Loss 0.148, Train_accy 96.45
2024-01-27 20:38:33,731 [mos.py] => the accuracy of the original model:99.15
2024-01-27 20:38:33,732 [trainer.py] => No NME accuracy.
2024-01-27 20:38:33,732 [trainer.py] => CNN: {'total': 99.15, '00-09': 99.15, 'old': 0, 'new': 99.15}
2024-01-27 20:38:33,733 [trainer.py] => CNN top1 curve: [99.15]
2024-01-27 20:38:33,733 [trainer.py] => CNN top5 curve: [100.0]

2024-01-27 20:38:33,733 [trainer.py] => Average Accuracy (CNN): 99.15 

2024-01-27 20:38:33,734 [trainer.py] => All params: 86568777
2024-01-27 20:38:33,735 [trainer.py] => Trainable params: 762440
2024-01-27 20:38:33,736 [mos.py] => Learning on 10-20
2024-01-27 20:38:56,524 [mos.py] => Task 1, Epoch 10/10 => Loss 0.733, Train_accy 96.36
2024-01-27 20:39:07,166 [mos.py] => Task 1, Epoch 30/30 => Loss 0.002, CA_accy 99.97
2024-01-27 20:39:10,747 [mos.py] => the accuracy of the original model:97.98
2024-01-27 20:39:10,748 [trainer.py] => No NME accuracy.
2024-01-27 20:39:10,748 [trainer.py] => CNN: {'total': 97.98, '00-09': 98.31, '10-19': 97.67, 'old': 98.31, 'new': 97.67}
2024-01-27 20:39:10,748 [trainer.py] => CNN top1 curve: [99.15, 97.98]
2024-01-27 20:39:10,748 [trainer.py] => CNN top5 curve: [100.0, 100.0]

2024-01-27 20:39:10,748 [trainer.py] => Average Accuracy (CNN): 98.565 

2024-01-27 20:39:10,750 [trainer.py] => All params: 86880777
2024-01-27 20:39:10,751 [trainer.py] => Trainable params: 1066760
2024-01-27 20:39:10,752 [mos.py] => Learning on 20-30
2024-01-27 20:39:33,860 [mos.py] => Task 2, Epoch 10/10 => Loss 0.158, Train_accy 98.32
2024-01-27 20:39:45,314 [mos.py] => Task 2, Epoch 30/30 => Loss 0.001, CA_accy 100.00
2024-01-27 20:39:49,634 [mos.py] => the accuracy of the original model:97.67
2024-01-27 20:39:49,635 [trainer.py] => No NME accuracy.
2024-01-27 20:39:49,635 [trainer.py] => CNN: {'total': 97.97, '00-09': 98.31, '10-19': 97.67, '20-29': 97.94, 'old': 97.98, 'new': 97.94}
2024-01-27 20:39:49,635 [trainer.py] => CNN top1 curve: [99.15, 97.98, 97.97]
2024-01-27 20:39:49,635 [trainer.py] => CNN top5 curve: [100.0, 100.0, 99.71]

2024-01-27 20:39:49,635 [trainer.py] => Average Accuracy (CNN): 98.36666666666667 

2024-01-27 20:39:49,636 [trainer.py] => All params: 87192777
2024-01-27 20:39:49,637 [trainer.py] => Trainable params: 1371080
2024-01-27 20:39:49,638 [mos.py] => Learning on 30-40
2024-01-27 20:40:12,351 [mos.py] => Task 3, Epoch 10/10 => Loss 0.505, Train_accy 97.23
2024-01-27 20:40:24,742 [mos.py] => Task 3, Epoch 30/30 => Loss 0.002, CA_accy 100.00
2024-01-27 20:40:30,279 [mos.py] => the accuracy of the original model:96.7
2024-01-27 20:40:30,281 [trainer.py] => No NME accuracy.
2024-01-27 20:40:30,281 [trainer.py] => CNN: {'total': 96.7, '00-09': 99.15, '10-19': 96.12, '20-29': 94.85, '30-39': 96.36, 'old': 96.8, 'new': 96.36}
2024-01-27 20:40:30,282 [trainer.py] => CNN top1 curve: [99.15, 97.98, 97.97, 96.7]
2024-01-27 20:40:30,282 [trainer.py] => CNN top5 curve: [100.0, 100.0, 99.71, 99.78]

2024-01-27 20:40:30,282 [trainer.py] => Average Accuracy (CNN): 97.95 

2024-01-27 20:40:30,283 [trainer.py] => All params: 87504777
2024-01-27 20:40:30,284 [trainer.py] => Trainable params: 1675400
2024-01-27 20:40:30,285 [mos.py] => Learning on 40-50
2024-01-27 20:40:52,641 [mos.py] => Task 4, Epoch 10/10 => Loss 0.326, Train_accy 94.46
2024-01-27 20:41:05,701 [mos.py] => Task 4, Epoch 30/30 => Loss 0.002, CA_accy 99.98
2024-01-27 20:41:12,183 [mos.py] => the accuracy of the original model:96.08
2024-01-27 20:41:12,185 [trainer.py] => No NME accuracy.
2024-01-27 20:41:12,185 [trainer.py] => CNN: {'total': 96.61, '00-09': 98.31, '10-19': 96.12, '20-29': 96.91, '30-39': 95.45, '40-49': 96.26, 'old': 96.7, 'new': 96.26}
2024-01-27 20:41:12,185 [trainer.py] => CNN top1 curve: [99.15, 97.98, 97.97, 96.7, 96.61]
2024-01-27 20:41:12,185 [trainer.py] => CNN top5 curve: [100.0, 100.0, 99.71, 99.78, 99.82]

2024-01-27 20:41:12,185 [trainer.py] => Average Accuracy (CNN): 97.682 

2024-01-27 20:41:12,187 [trainer.py] => All params: 87816777
2024-01-27 20:41:12,188 [trainer.py] => Trainable params: 1979720
2024-01-27 20:41:12,189 [mos.py] => Learning on 50-60
2024-01-27 20:41:34,635 [mos.py] => Task 5, Epoch 10/10 => Loss 1.148, Train_accy 95.99
2024-01-27 20:41:48,837 [mos.py] => Task 5, Epoch 30/30 => Loss 0.003, CA_accy 99.98
2024-01-27 20:41:57,575 [mos.py] => the accuracy of the original model:93.3
2024-01-27 20:41:57,575 [trainer.py] => No NME accuracy.
2024-01-27 20:41:57,576 [trainer.py] => CNN: {'total': 94.49, '00-09': 92.37, '10-19': 96.12, '20-29': 97.94, '30-39': 97.27, '40-49': 95.33, '50-59': 88.29, 'old': 95.72, 'new': 88.29}
2024-01-27 20:41:57,576 [trainer.py] => CNN top1 curve: [99.15, 97.98, 97.97, 96.7, 96.61, 94.49]
2024-01-27 20:41:57,576 [trainer.py] => CNN top5 curve: [100.0, 100.0, 99.71, 99.78, 99.82, 99.4]

2024-01-27 20:41:57,576 [trainer.py] => Average Accuracy (CNN): 97.14999999999999 

2024-01-27 20:41:57,577 [trainer.py] => All params: 88128777
2024-01-27 20:41:57,578 [trainer.py] => Trainable params: 2284040
2024-01-27 20:41:57,580 [mos.py] => Learning on 60-70
2024-01-27 20:42:20,433 [mos.py] => Task 6, Epoch 10/10 => Loss 1.682, Train_accy 95.69
2024-01-27 20:42:35,124 [mos.py] => Task 6, Epoch 30/30 => Loss 0.004, CA_accy 99.98
2024-01-27 20:42:45,684 [mos.py] => the accuracy of the original model:91.26
2024-01-27 20:42:45,686 [trainer.py] => No NME accuracy.
2024-01-27 20:42:45,686 [trainer.py] => CNN: {'total': 93.32, '00-09': 91.53, '10-19': 93.8, '20-29': 97.94, '30-39': 96.36, '40-49': 94.39, '50-59': 88.29, '60-69': 91.51, 'old': 93.6, 'new': 91.51}
2024-01-27 20:42:45,687 [trainer.py] => CNN top1 curve: [99.15, 97.98, 97.97, 96.7, 96.61, 94.49, 93.32]
2024-01-27 20:42:45,687 [trainer.py] => CNN top5 curve: [100.0, 100.0, 99.71, 99.78, 99.82, 99.4, 99.49]

2024-01-27 20:42:45,687 [trainer.py] => Average Accuracy (CNN): 96.60285714285715 

2024-01-27 20:42:45,688 [trainer.py] => All params: 88440777
2024-01-27 20:42:45,690 [trainer.py] => Trainable params: 2588360
2024-01-27 20:42:45,691 [mos.py] => Learning on 70-80
2024-01-27 20:43:07,947 [mos.py] => Task 7, Epoch 10/10 => Loss 0.436, Train_accy 97.82
2024-01-27 20:43:22,600 [mos.py] => Task 7, Epoch 30/30 => Loss 0.003, CA_accy 99.99
2024-01-27 20:43:35,432 [mos.py] => the accuracy of the original model:91.84
2024-01-27 20:43:35,434 [trainer.py] => No NME accuracy.
2024-01-27 20:43:35,434 [trainer.py] => CNN: {'total': 93.25, '00-09': 89.83, '10-19': 93.8, '20-29': 97.94, '30-39': 94.55, '40-49': 94.39, '50-59': 87.39, '60-69': 92.45, '70-79': 95.74, 'old': 92.8, 'new': 95.74}
2024-01-27 20:43:35,434 [trainer.py] => CNN top1 curve: [99.15, 97.98, 97.97, 96.7, 96.61, 94.49, 93.32, 93.25]
2024-01-27 20:43:35,434 [trainer.py] => CNN top5 curve: [100.0, 100.0, 99.71, 99.78, 99.82, 99.4, 99.49, 99.46]

2024-01-27 20:43:35,434 [trainer.py] => Average Accuracy (CNN): 96.18375 

2024-01-27 20:43:35,436 [trainer.py] => All params: 88752777
2024-01-27 20:43:35,438 [trainer.py] => Trainable params: 2892680
2024-01-27 20:43:35,439 [mos.py] => Learning on 80-90
2024-01-27 20:43:57,542 [mos.py] => Task 8, Epoch 10/10 => Loss 0.514, Train_accy 95.23
2024-01-27 20:44:14,475 [mos.py] => Task 8, Epoch 30/30 => Loss 0.003, CA_accy 99.99
2024-01-27 20:44:30,906 [mos.py] => the accuracy of the original model:92.02
2024-01-27 20:44:30,907 [trainer.py] => No NME accuracy.
2024-01-27 20:44:30,907 [trainer.py] => CNN: {'total': 92.78, '00-09': 88.98, '10-19': 91.47, '20-29': 97.94, '30-39': 94.55, '40-49': 94.39, '50-59': 86.49, '60-69': 91.51, '70-79': 95.04, '80-89': 94.74, 'old': 92.49, 'new': 94.74}
2024-01-27 20:44:30,907 [trainer.py] => CNN top1 curve: [99.15, 97.98, 97.97, 96.7, 96.61, 94.49, 93.32, 93.25, 92.78]
2024-01-27 20:44:30,907 [trainer.py] => CNN top5 curve: [100.0, 100.0, 99.71, 99.78, 99.82, 99.4, 99.49, 99.46, 99.24]

2024-01-27 20:44:30,907 [trainer.py] => Average Accuracy (CNN): 95.80555555555556 

2024-01-27 20:44:30,909 [trainer.py] => All params: 89064777
2024-01-27 20:44:30,911 [trainer.py] => Trainable params: 3197000
2024-01-27 20:44:30,912 [mos.py] => Learning on 90-100
2024-01-27 20:44:53,408 [mos.py] => Task 9, Epoch 10/10 => Loss 1.135, Train_accy 94.92
2024-01-27 20:45:11,186 [mos.py] => Task 9, Epoch 30/30 => Loss 0.003, CA_accy 99.99
2024-01-27 20:45:31,079 [mos.py] => the accuracy of the original model:91.25
2024-01-27 20:45:31,082 [trainer.py] => No NME accuracy.
2024-01-27 20:45:31,082 [trainer.py] => CNN: {'total': 92.09, '00-09': 88.98, '10-19': 91.47, '20-29': 97.94, '30-39': 90.91, '40-49': 94.39, '50-59': 85.59, '60-69': 89.62, '70-79': 95.04, '80-89': 94.74, '90-99': 91.91, 'old': 92.11, 'new': 91.91}
2024-01-27 20:45:31,082 [trainer.py] => CNN top1 curve: [99.15, 97.98, 97.97, 96.7, 96.61, 94.49, 93.32, 93.25, 92.78, 92.09]
2024-01-27 20:45:31,082 [trainer.py] => CNN top5 curve: [100.0, 100.0, 99.71, 99.78, 99.82, 99.4, 99.49, 99.46, 99.24, 99.16]

2024-01-27 20:45:31,082 [trainer.py] => Average Accuracy (CNN): 95.434 

2024-01-27 20:45:31,087 [trainer.py] => All params: 89376777
2024-01-27 20:45:31,088 [trainer.py] => Trainable params: 3501320
2024-01-27 20:45:31,090 [mos.py] => Learning on 100-110
2024-01-27 20:45:54,583 [mos.py] => Task 10, Epoch 10/10 => Loss 0.593, Train_accy 97.51
2024-01-27 20:46:13,670 [mos.py] => Task 10, Epoch 30/30 => Loss 0.003, CA_accy 99.99
2024-01-27 20:46:36,733 [mos.py] => the accuracy of the original model:91.1
2024-01-27 20:46:36,735 [trainer.py] => No NME accuracy.
2024-01-27 20:46:36,735 [trainer.py] => CNN: {'total': 91.94, '00-09': 88.98, '10-19': 90.7, '20-29': 97.94, '30-39': 90.91, '40-49': 95.33, '50-59': 83.78, '60-69': 87.74, '70-79': 94.33, '80-89': 94.74, '90-99': 91.18, '100-109': 95.65, 'old': 91.58, 'new': 95.65}
2024-01-27 20:46:36,735 [trainer.py] => CNN top1 curve: [99.15, 97.98, 97.97, 96.7, 96.61, 94.49, 93.32, 93.25, 92.78, 92.09, 91.94]
2024-01-27 20:46:36,735 [trainer.py] => CNN top5 curve: [100.0, 100.0, 99.71, 99.78, 99.82, 99.4, 99.49, 99.46, 99.24, 99.16, 99.16]

2024-01-27 20:46:36,735 [trainer.py] => Average Accuracy (CNN): 95.11636363636363 

2024-01-27 20:46:36,737 [trainer.py] => All params: 89688777
2024-01-27 20:46:36,739 [trainer.py] => Trainable params: 3805640
2024-01-27 20:46:36,740 [mos.py] => Learning on 110-120
2024-01-27 20:46:59,860 [mos.py] => Task 11, Epoch 10/10 => Loss 1.319, Train_accy 97.88
2024-01-27 20:47:19,102 [mos.py] => Task 11, Epoch 30/30 => Loss 0.004, CA_accy 100.00
2024-01-27 20:47:45,732 [mos.py] => the accuracy of the original model:88.91
2024-01-27 20:47:45,734 [trainer.py] => No NME accuracy.
2024-01-27 20:47:45,734 [trainer.py] => CNN: {'total': 91.38, '00-09': 88.98, '10-19': 90.7, '20-29': 97.94, '30-39': 91.82, '40-49': 95.33, '50-59': 81.98, '60-69': 84.91, '70-79': 92.91, '80-89': 94.74, '90-99': 89.71, '100-109': 95.65, '110-119': 92.04, 'old': 91.33, 'new': 92.04}
2024-01-27 20:47:45,734 [trainer.py] => CNN top1 curve: [99.15, 97.98, 97.97, 96.7, 96.61, 94.49, 93.32, 93.25, 92.78, 92.09, 91.94, 91.38]
2024-01-27 20:47:45,734 [trainer.py] => CNN top5 curve: [100.0, 100.0, 99.71, 99.78, 99.82, 99.4, 99.49, 99.46, 99.24, 99.16, 99.16, 99.08]

2024-01-27 20:47:45,734 [trainer.py] => Average Accuracy (CNN): 94.80499999999999 

2024-01-27 20:47:45,736 [trainer.py] => All params: 90000777
2024-01-27 20:47:45,738 [trainer.py] => Trainable params: 4109960
2024-01-27 20:47:45,740 [mos.py] => Learning on 120-130
2024-01-27 20:48:08,744 [mos.py] => Task 12, Epoch 10/10 => Loss 0.942, Train_accy 92.53
2024-01-27 20:48:27,044 [mos.py] => Task 12, Epoch 30/30 => Loss 0.004, CA_accy 100.00
2024-01-27 20:48:57,022 [mos.py] => the accuracy of the original model:88.05
2024-01-27 20:48:57,023 [trainer.py] => No NME accuracy.
2024-01-27 20:48:57,024 [trainer.py] => CNN: {'total': 90.81, '00-09': 88.14, '10-19': 90.7, '20-29': 97.94, '30-39': 89.09, '40-49': 92.52, '50-59': 83.78, '60-69': 84.91, '70-79': 92.91, '80-89': 94.74, '90-99': 87.5, '100-109': 95.65, '110-119': 92.04, '120-129': 90.65, 'old': 90.82, 'new': 90.65}
2024-01-27 20:48:57,024 [trainer.py] => CNN top1 curve: [99.15, 97.98, 97.97, 96.7, 96.61, 94.49, 93.32, 93.25, 92.78, 92.09, 91.94, 91.38, 90.81]
2024-01-27 20:48:57,024 [trainer.py] => CNN top5 curve: [100.0, 100.0, 99.71, 99.78, 99.82, 99.4, 99.49, 99.46, 99.24, 99.16, 99.16, 99.08, 98.88]

2024-01-27 20:48:57,024 [trainer.py] => Average Accuracy (CNN): 94.49769230769229 

2024-01-27 20:48:57,026 [trainer.py] => All params: 90312777
2024-01-27 20:48:57,028 [trainer.py] => Trainable params: 4414280
2024-01-27 20:48:57,030 [mos.py] => Learning on 130-140
2024-01-27 20:49:18,636 [mos.py] => Task 13, Epoch 10/10 => Loss 0.966, Train_accy 97.25
2024-01-27 20:49:39,214 [mos.py] => Task 13, Epoch 30/30 => Loss 0.004, CA_accy 99.99
2024-01-27 20:50:13,671 [mos.py] => the accuracy of the original model:87.45
2024-01-27 20:50:13,674 [trainer.py] => No NME accuracy.
2024-01-27 20:50:13,674 [trainer.py] => CNN: {'total': 90.31, '00-09': 87.29, '10-19': 90.7, '20-29': 97.94, '30-39': 88.18, '40-49': 90.65, '50-59': 83.78, '60-69': 85.85, '70-79': 91.49, '80-89': 93.98, '90-99': 87.5, '100-109': 95.65, '110-119': 92.04, '120-129': 88.79, '130-139': 90.68, 'old': 90.28, 'new': 90.68}
2024-01-27 20:50:13,674 [trainer.py] => CNN top1 curve: [99.15, 97.98, 97.97, 96.7, 96.61, 94.49, 93.32, 93.25, 92.78, 92.09, 91.94, 91.38, 90.81, 90.31]
2024-01-27 20:50:13,675 [trainer.py] => CNN top5 curve: [100.0, 100.0, 99.71, 99.78, 99.82, 99.4, 99.49, 99.46, 99.24, 99.16, 99.16, 99.08, 98.88, 98.84]

2024-01-27 20:50:13,675 [trainer.py] => Average Accuracy (CNN): 94.19857142857141 

2024-01-27 20:50:13,677 [trainer.py] => All params: 90624777
2024-01-27 20:50:13,679 [trainer.py] => Trainable params: 4718600
2024-01-27 20:50:13,681 [mos.py] => Learning on 140-150
2024-01-27 20:50:34,117 [mos.py] => Task 14, Epoch 10/10 => Loss 1.392, Train_accy 95.13
2024-01-27 20:50:51,361 [mos.py] => Task 14, Epoch 30/30 => Loss 0.005, CA_accy 100.00
2024-01-27 20:51:30,639 [mos.py] => the accuracy of the original model:86.59
2024-01-27 20:51:30,642 [trainer.py] => No NME accuracy.
2024-01-27 20:51:30,643 [trainer.py] => CNN: {'total': 89.93, '00-09': 85.59, '10-19': 89.92, '20-29': 97.94, '30-39': 88.18, '40-49': 91.59, '50-59': 81.98, '60-69': 85.85, '70-79': 92.2, '80-89': 93.23, '90-99': 87.5, '100-109': 94.78, '110-119': 90.27, '120-129': 88.79, '130-139': 91.53, '140-149': 89.68, 'old': 89.95, 'new': 89.68}
2024-01-27 20:51:30,643 [trainer.py] => CNN top1 curve: [99.15, 97.98, 97.97, 96.7, 96.61, 94.49, 93.32, 93.25, 92.78, 92.09, 91.94, 91.38, 90.81, 90.31, 89.93]
2024-01-27 20:51:30,643 [trainer.py] => CNN top5 curve: [100.0, 100.0, 99.71, 99.78, 99.82, 99.4, 99.49, 99.46, 99.24, 99.16, 99.16, 99.08, 98.88, 98.84, 98.75]

2024-01-27 20:51:30,643 [trainer.py] => Average Accuracy (CNN): 93.91399999999999 

2024-01-27 20:51:30,646 [trainer.py] => All params: 90936777
2024-01-27 20:51:30,649 [trainer.py] => Trainable params: 5022920
2024-01-27 20:51:30,651 [mos.py] => Learning on 150-160
2024-01-27 20:51:52,376 [mos.py] => Task 15, Epoch 10/10 => Loss 0.887, Train_accy 96.58
2024-01-27 20:52:10,453 [mos.py] => Task 15, Epoch 30/30 => Loss 0.005, CA_accy 99.99
2024-01-27 20:52:54,899 [mos.py] => the accuracy of the original model:86.89
2024-01-27 20:52:54,900 [trainer.py] => No NME accuracy.
2024-01-27 20:52:54,900 [trainer.py] => CNN: {'total': 90.22, '00-09': 84.75, '10-19': 89.92, '20-29': 97.94, '30-39': 89.09, '40-49': 91.59, '50-59': 82.88, '60-69': 85.85, '70-79': 92.2, '80-89': 91.73, '90-99': 86.76, '100-109': 93.91, '110-119': 91.15, '120-129': 88.79, '130-139': 91.53, '140-149': 89.68, '150-159': 95.97, 'old': 89.81, 'new': 95.97}
2024-01-27 20:52:54,900 [trainer.py] => CNN top1 curve: [99.15, 97.98, 97.97, 96.7, 96.61, 94.49, 93.32, 93.25, 92.78, 92.09, 91.94, 91.38, 90.81, 90.31, 89.93, 90.22]
2024-01-27 20:52:54,900 [trainer.py] => CNN top5 curve: [100.0, 100.0, 99.71, 99.78, 99.82, 99.4, 99.49, 99.46, 99.24, 99.16, 99.16, 99.08, 98.88, 98.84, 98.75, 98.73]

2024-01-27 20:52:54,900 [trainer.py] => Average Accuracy (CNN): 93.68312499999999 

2024-01-27 20:52:54,903 [trainer.py] => All params: 91248777
2024-01-27 20:52:54,905 [trainer.py] => Trainable params: 5327240
2024-01-27 20:52:54,907 [mos.py] => Learning on 160-170
2024-01-27 20:53:17,057 [mos.py] => Task 16, Epoch 10/10 => Loss 1.487, Train_accy 96.98
2024-01-27 20:53:41,148 [mos.py] => Task 16, Epoch 30/30 => Loss 0.005, CA_accy 99.99
2024-01-27 20:54:31,092 [mos.py] => the accuracy of the original model:86.32
2024-01-27 20:54:31,095 [trainer.py] => No NME accuracy.
2024-01-27 20:54:31,095 [trainer.py] => CNN: {'total': 89.93, '00-09': 84.75, '10-19': 89.92, '20-29': 96.91, '30-39': 89.09, '40-49': 91.59, '50-59': 82.88, '60-69': 85.85, '70-79': 92.91, '80-89': 91.73, '90-99': 86.76, '100-109': 93.91, '110-119': 90.27, '120-129': 87.85, '130-139': 91.53, '140-149': 85.71, '150-159': 95.97, '160-169': 91.04, 'old': 89.85, 'new': 91.04}
2024-01-27 20:54:31,095 [trainer.py] => CNN top1 curve: [99.15, 97.98, 97.97, 96.7, 96.61, 94.49, 93.32, 93.25, 92.78, 92.09, 91.94, 91.38, 90.81, 90.31, 89.93, 90.22, 89.93]
2024-01-27 20:54:31,095 [trainer.py] => CNN top5 curve: [100.0, 100.0, 99.71, 99.78, 99.82, 99.4, 99.49, 99.46, 99.24, 99.16, 99.16, 99.08, 98.88, 98.84, 98.75, 98.73, 98.62]

2024-01-27 20:54:31,095 [trainer.py] => Average Accuracy (CNN): 93.46235294117646 

2024-01-27 20:54:31,098 [trainer.py] => All params: 91560777
2024-01-27 20:54:31,100 [trainer.py] => Trainable params: 5631560
2024-01-27 20:54:31,102 [mos.py] => Learning on 170-180
2024-01-27 20:54:55,082 [mos.py] => Task 17, Epoch 10/10 => Loss 1.631, Train_accy 96.15
2024-01-27 20:55:16,218 [mos.py] => Task 17, Epoch 30/30 => Loss 0.005, CA_accy 99.99
2024-01-27 20:56:11,775 [mos.py] => the accuracy of the original model:86.37
2024-01-27 20:56:11,778 [trainer.py] => No NME accuracy.
2024-01-27 20:56:11,778 [trainer.py] => CNN: {'total': 90.04, '00-09': 84.75, '10-19': 89.15, '20-29': 94.85, '30-39': 88.18, '40-49': 90.65, '50-59': 84.68, '60-69': 84.91, '70-79': 92.91, '80-89': 91.73, '90-99': 86.76, '100-109': 93.91, '110-119': 91.15, '120-129': 87.85, '130-139': 91.53, '140-149': 86.51, '150-159': 95.97, '160-169': 91.04, '170-179': 94.17, 'old': 89.83, 'new': 94.17}
2024-01-27 20:56:11,779 [trainer.py] => CNN top1 curve: [99.15, 97.98, 97.97, 96.7, 96.61, 94.49, 93.32, 93.25, 92.78, 92.09, 91.94, 91.38, 90.81, 90.31, 89.93, 90.22, 89.93, 90.04]
2024-01-27 20:56:11,779 [trainer.py] => CNN top5 curve: [100.0, 100.0, 99.71, 99.78, 99.82, 99.4, 99.49, 99.46, 99.24, 99.16, 99.16, 99.08, 98.88, 98.84, 98.75, 98.73, 98.62, 98.54]

2024-01-27 20:56:11,779 [trainer.py] => Average Accuracy (CNN): 93.27222222222221 

2024-01-27 20:56:11,781 [trainer.py] => All params: 91872777
2024-01-27 20:56:11,784 [trainer.py] => Trainable params: 5935880
2024-01-27 20:56:11,786 [mos.py] => Learning on 180-190
2024-01-27 20:56:35,035 [mos.py] => Task 18, Epoch 10/10 => Loss 1.319, Train_accy 96.48
2024-01-27 20:56:59,313 [mos.py] => Task 18, Epoch 30/30 => Loss 0.006, CA_accy 99.98
2024-01-27 20:58:00,674 [mos.py] => the accuracy of the original model:85.93
2024-01-27 20:58:00,676 [trainer.py] => No NME accuracy.
2024-01-27 20:58:00,676 [trainer.py] => CNN: {'total': 89.47, '00-09': 84.75, '10-19': 89.92, '20-29': 94.85, '30-39': 86.36, '40-49': 90.65, '50-59': 83.78, '60-69': 84.91, '70-79': 92.91, '80-89': 91.73, '90-99': 86.76, '100-109': 93.91, '110-119': 89.38, '120-129': 86.92, '130-139': 91.53, '140-149': 85.71, '150-159': 95.97, '160-169': 91.04, '170-179': 94.17, '180-189': 84.85, 'old': 89.76, 'new': 84.85}
2024-01-27 20:58:00,676 [trainer.py] => CNN top1 curve: [99.15, 97.98, 97.97, 96.7, 96.61, 94.49, 93.32, 93.25, 92.78, 92.09, 91.94, 91.38, 90.81, 90.31, 89.93, 90.22, 89.93, 90.04, 89.47]
2024-01-27 20:58:00,676 [trainer.py] => CNN top5 curve: [100.0, 100.0, 99.71, 99.78, 99.82, 99.4, 99.49, 99.46, 99.24, 99.16, 99.16, 99.08, 98.88, 98.84, 98.75, 98.73, 98.62, 98.54, 98.27]

2024-01-27 20:58:00,676 [trainer.py] => Average Accuracy (CNN): 93.0721052631579 

2024-01-27 20:58:00,679 [trainer.py] => All params: 92184777
2024-01-27 20:58:00,682 [trainer.py] => Trainable params: 6240200
2024-01-27 20:58:00,684 [mos.py] => Learning on 190-200
2024-01-27 20:58:23,689 [mos.py] => Task 19, Epoch 10/10 => Loss 1.259, Train_accy 96.38
2024-01-27 20:58:44,212 [mos.py] => Task 19, Epoch 30/30 => Loss 0.006, CA_accy 99.99
2024-01-27 20:59:50,978 [mos.py] => the accuracy of the original model:85.45
2024-01-27 20:59:50,982 [trainer.py] => No NME accuracy.
2024-01-27 20:59:50,982 [trainer.py] => CNN: {'total': 89.31, '00-09': 84.75, '10-19': 89.15, '20-29': 95.88, '30-39': 85.45, '40-49': 90.65, '50-59': 83.78, '60-69': 83.96, '70-79': 92.2, '80-89': 91.73, '90-99': 86.76, '100-109': 93.91, '110-119': 89.38, '120-129': 87.85, '130-139': 91.53, '140-149': 86.51, '150-159': 95.97, '160-169': 88.81, '170-179': 94.17, '180-189': 84.09, '190-199': 90.82, 'old': 89.25, 'new': 90.82}
2024-01-27 20:59:50,983 [trainer.py] => CNN top1 curve: [99.15, 97.98, 97.97, 96.7, 96.61, 94.49, 93.32, 93.25, 92.78, 92.09, 91.94, 91.38, 90.81, 90.31, 89.93, 90.22, 89.93, 90.04, 89.47, 89.31]
2024-01-27 20:59:50,983 [trainer.py] => CNN top5 curve: [100.0, 100.0, 99.71, 99.78, 99.82, 99.4, 99.49, 99.46, 99.24, 99.16, 99.16, 99.08, 98.88, 98.84, 98.75, 98.73, 98.62, 98.54, 98.27, 98.09]

2024-01-27 20:59:50,983 [trainer.py] => Average Accuracy (CNN): 92.88399999999999 

2024-01-27 20:59:50,985 [trainer.py] => Forgetting (CNN): 4.235263157894738
