2024-01-15 11:12:08,021 [trainer.py] => config: ./exps/mos_cub_in21k.json
2024-01-15 11:12:08,021 [trainer.py] => device: [device(type='cuda', index=1)]
2024-01-15 11:12:08,021 [trainer.py] => adapter_momentum: 0.1
2024-01-15 11:12:08,021 [trainer.py] => init_cls: 10
2024-01-15 11:12:08,021 [trainer.py] => increment: 10
2024-01-15 11:12:08,021 [trainer.py] => tuned_epoch: 10
2024-01-15 11:12:08,021 [trainer.py] => ensemble: True
2024-01-15 11:12:08,021 [trainer.py] => prefix:  
2024-01-15 11:12:08,021 [trainer.py] => dataset: cub
2024-01-15 11:12:08,021 [trainer.py] => memory_size: 0
2024-01-15 11:12:08,021 [trainer.py] => memory_per_class: 0
2024-01-15 11:12:08,021 [trainer.py] => fixed_memory: False
2024-01-15 11:12:08,021 [trainer.py] => shuffle: True
2024-01-15 11:12:08,021 [trainer.py] => model_name: mos
2024-01-15 11:12:08,021 [trainer.py] => backbone_type: vit_base_patch16_224_in21k_mos
2024-01-15 11:12:08,021 [trainer.py] => seed: 1993
2024-01-15 11:12:08,021 [trainer.py] => init_lr: 0.01
2024-01-15 11:12:08,021 [trainer.py] => batch_size: 32
2024-01-15 11:12:08,021 [trainer.py] => weight_decay: 0.0005
2024-01-15 11:12:08,021 [trainer.py] => min_lr: 0
2024-01-15 11:12:08,021 [trainer.py] => optimizer: sgd
2024-01-15 11:12:08,021 [trainer.py] => scheduler: cosine
2024-01-15 11:12:08,022 [trainer.py] => reinit_optimizer: True
2024-01-15 11:12:08,022 [trainer.py] => init_milestones: [10]
2024-01-15 11:12:08,022 [trainer.py] => init_lr_decay: 0.1
2024-01-15 11:12:08,022 [trainer.py] => reg: 0.1
2024-01-15 11:12:08,022 [trainer.py] => crct_epochs: 30
2024-01-15 11:12:08,022 [trainer.py] => ca_lr: 0.005
2024-01-15 11:12:08,022 [trainer.py] => ca_storage_efficient_method: covariance
2024-01-15 11:12:08,022 [trainer.py] => ca_storage_efficient_method_choices: ['covariance', 'multi-centroid', 'variance']
2024-01-15 11:12:08,022 [trainer.py] => n_centroids: 10
2024-01-15 11:12:08,022 [trainer.py] => pretrained: True
2024-01-15 11:12:08,022 [trainer.py] => drop: 0.0
2024-01-15 11:12:08,022 [trainer.py] => drop_path: 0.0
2024-01-15 11:12:08,022 [trainer.py] => ffn_num: 16
2024-01-15 11:12:08,084 [data_manager.py] => [168, 136, 51, 9, 183, 101, 171, 99, 42, 159, 191, 70, 16, 188, 27, 10, 175, 26, 68, 187, 98, 6, 85, 35, 112, 43, 100, 0, 103, 181, 88, 59, 4, 2, 116, 174, 94, 80, 106, 1, 147, 17, 141, 131, 72, 23, 173, 54, 197, 118, 87, 32, 79, 104, 91, 19, 135, 107, 178, 36, 11, 199, 142, 8, 122, 3, 28, 57, 153, 172, 190, 56, 49, 44, 97, 62, 151, 169, 194, 55, 192, 12, 189, 78, 66, 180, 15, 137, 109, 134, 92, 119, 126, 52, 170, 40, 148, 65, 144, 64, 138, 45, 77, 89, 154, 90, 71, 193, 74, 30, 113, 143, 96, 84, 67, 50, 186, 156, 69, 21, 18, 111, 108, 58, 125, 157, 150, 110, 182, 129, 166, 83, 81, 60, 13, 165, 14, 176, 63, 117, 5, 22, 145, 121, 38, 41, 82, 127, 114, 20, 31, 53, 37, 163, 196, 130, 152, 162, 86, 76, 24, 34, 184, 149, 33, 128, 198, 155, 146, 167, 139, 120, 140, 102, 47, 25, 158, 123, 46, 164, 61, 7, 115, 75, 133, 160, 105, 132, 179, 124, 48, 73, 93, 39, 95, 195, 29, 177, 185, 161]
2024-01-15 11:12:11,300 [mos.py] => 86,256,776 model total parameters.
2024-01-15 11:12:11,301 [mos.py] => 458,120 model training parameters.
2024-01-15 11:12:11,307 [mos.py] => head.weight: 153600
2024-01-15 11:12:11,307 [mos.py] => head.bias: 200
2024-01-15 11:12:11,307 [mos.py] => cur_adapter.0.down_proj.weight: 12288
2024-01-15 11:12:11,308 [mos.py] => cur_adapter.0.down_proj.bias: 16
2024-01-15 11:12:11,308 [mos.py] => cur_adapter.0.up_proj.weight: 12288
2024-01-15 11:12:11,308 [mos.py] => cur_adapter.0.up_proj.bias: 768
2024-01-15 11:12:11,308 [mos.py] => cur_adapter.1.down_proj.weight: 12288
2024-01-15 11:12:11,308 [mos.py] => cur_adapter.1.down_proj.bias: 16
2024-01-15 11:12:11,308 [mos.py] => cur_adapter.1.up_proj.weight: 12288
2024-01-15 11:12:11,308 [mos.py] => cur_adapter.1.up_proj.bias: 768
2024-01-15 11:12:11,308 [mos.py] => cur_adapter.2.down_proj.weight: 12288
2024-01-15 11:12:11,308 [mos.py] => cur_adapter.2.down_proj.bias: 16
2024-01-15 11:12:11,308 [mos.py] => cur_adapter.2.up_proj.weight: 12288
2024-01-15 11:12:11,308 [mos.py] => cur_adapter.2.up_proj.bias: 768
2024-01-15 11:12:11,308 [mos.py] => cur_adapter.3.down_proj.weight: 12288
2024-01-15 11:12:11,308 [mos.py] => cur_adapter.3.down_proj.bias: 16
2024-01-15 11:12:11,308 [mos.py] => cur_adapter.3.up_proj.weight: 12288
2024-01-15 11:12:11,308 [mos.py] => cur_adapter.3.up_proj.bias: 768
2024-01-15 11:12:11,308 [mos.py] => cur_adapter.4.down_proj.weight: 12288
2024-01-15 11:12:11,308 [mos.py] => cur_adapter.4.down_proj.bias: 16
2024-01-15 11:12:11,308 [mos.py] => cur_adapter.4.up_proj.weight: 12288
2024-01-15 11:12:11,308 [mos.py] => cur_adapter.4.up_proj.bias: 768
2024-01-15 11:12:11,308 [mos.py] => cur_adapter.5.down_proj.weight: 12288
2024-01-15 11:12:11,308 [mos.py] => cur_adapter.5.down_proj.bias: 16
2024-01-15 11:12:11,308 [mos.py] => cur_adapter.5.up_proj.weight: 12288
2024-01-15 11:12:11,308 [mos.py] => cur_adapter.5.up_proj.bias: 768
2024-01-15 11:12:11,308 [mos.py] => cur_adapter.6.down_proj.weight: 12288
2024-01-15 11:12:11,309 [mos.py] => cur_adapter.6.down_proj.bias: 16
2024-01-15 11:12:11,309 [mos.py] => cur_adapter.6.up_proj.weight: 12288
2024-01-15 11:12:11,309 [mos.py] => cur_adapter.6.up_proj.bias: 768
2024-01-15 11:12:11,309 [mos.py] => cur_adapter.7.down_proj.weight: 12288
2024-01-15 11:12:11,309 [mos.py] => cur_adapter.7.down_proj.bias: 16
2024-01-15 11:12:11,309 [mos.py] => cur_adapter.7.up_proj.weight: 12288
2024-01-15 11:12:11,309 [mos.py] => cur_adapter.7.up_proj.bias: 768
2024-01-15 11:12:11,309 [mos.py] => cur_adapter.8.down_proj.weight: 12288
2024-01-15 11:12:11,309 [mos.py] => cur_adapter.8.down_proj.bias: 16
2024-01-15 11:12:11,309 [mos.py] => cur_adapter.8.up_proj.weight: 12288
2024-01-15 11:12:11,309 [mos.py] => cur_adapter.8.up_proj.bias: 768
2024-01-15 11:12:11,309 [mos.py] => cur_adapter.9.down_proj.weight: 12288
2024-01-15 11:12:11,309 [mos.py] => cur_adapter.9.down_proj.bias: 16
2024-01-15 11:12:11,309 [mos.py] => cur_adapter.9.up_proj.weight: 12288
2024-01-15 11:12:11,309 [mos.py] => cur_adapter.9.up_proj.bias: 768
2024-01-15 11:12:11,309 [mos.py] => cur_adapter.10.down_proj.weight: 12288
2024-01-15 11:12:11,309 [mos.py] => cur_adapter.10.down_proj.bias: 16
2024-01-15 11:12:11,309 [mos.py] => cur_adapter.10.up_proj.weight: 12288
2024-01-15 11:12:11,309 [mos.py] => cur_adapter.10.up_proj.bias: 768
2024-01-15 11:12:11,309 [mos.py] => cur_adapter.11.down_proj.weight: 12288
2024-01-15 11:12:11,309 [mos.py] => cur_adapter.11.down_proj.bias: 16
2024-01-15 11:12:11,309 [mos.py] => cur_adapter.11.up_proj.weight: 12288
2024-01-15 11:12:11,309 [mos.py] => cur_adapter.11.up_proj.bias: 768
2024-01-15 11:12:11,310 [trainer.py] => All params: 86256776
2024-01-15 11:12:11,311 [trainer.py] => Trainable params: 458120
2024-01-15 11:12:11,311 [mos.py] => Learning on 0-10
2024-01-15 11:12:32,410 [mos.py] => Task 0, Epoch 10/10 => Loss 0.172, Train_accy 94.15
2024-01-15 11:12:41,677 [mos.py] => the accuracy of the original model:100.0
2024-01-15 11:12:41,678 [trainer.py] => No NME accuracy.
2024-01-15 11:12:41,678 [trainer.py] => CNN: {'total': 98.31, '00-09': 98.31, 'old': 0, 'new': 98.31}
2024-01-15 11:12:41,678 [trainer.py] => CNN top1 curve: [98.31]
2024-01-15 11:12:41,678 [trainer.py] => CNN top5 curve: [100.0]

2024-01-15 11:12:41,678 [trainer.py] => Average Accuracy (CNN): 98.31 

2024-01-15 11:12:41,679 [trainer.py] => All params: 86568777
2024-01-15 11:12:41,680 [trainer.py] => Trainable params: 458120
2024-01-15 11:12:41,681 [mos.py] => Learning on 10-20
2024-01-15 11:13:01,739 [mos.py] => Task 1, Epoch 10/10 => Loss 0.144, Train_accy 95.93
2024-01-15 11:13:10,487 [mos.py] => Task 1, Epoch 30/30 => Loss 0.007, CA_accy 100.00
2024-01-15 11:13:13,463 [mos.py] => the accuracy of the original model:98.38
2024-01-15 11:13:13,463 [trainer.py] => No NME accuracy.
2024-01-15 11:13:13,463 [trainer.py] => CNN: {'total': 97.98, '00-09': 98.31, '10-19': 97.67, 'old': 98.31, 'new': 97.67}
2024-01-15 11:13:13,464 [trainer.py] => CNN top1 curve: [98.31, 97.98]
2024-01-15 11:13:13,464 [trainer.py] => CNN top5 curve: [100.0, 100.0]

2024-01-15 11:13:13,464 [trainer.py] => Average Accuracy (CNN): 98.14500000000001 

2024-01-15 11:13:13,465 [trainer.py] => All params: 86880777
2024-01-15 11:13:13,466 [trainer.py] => Trainable params: 458120
2024-01-15 11:13:13,467 [mos.py] => Learning on 20-30
2024-01-15 11:13:33,786 [mos.py] => Task 2, Epoch 10/10 => Loss 0.079, Train_accy 98.11
2024-01-15 11:13:43,161 [mos.py] => Task 2, Epoch 30/30 => Loss 0.005, CA_accy 100.00
2024-01-15 11:13:47,138 [mos.py] => the accuracy of the original model:98.26
2024-01-15 11:13:47,139 [trainer.py] => No NME accuracy.
2024-01-15 11:13:47,139 [trainer.py] => CNN: {'total': 97.97, '00-09': 98.31, '10-19': 97.67, '20-29': 97.94, 'old': 97.98, 'new': 97.94}
2024-01-15 11:13:47,139 [trainer.py] => CNN top1 curve: [98.31, 97.98, 97.97]
2024-01-15 11:13:47,139 [trainer.py] => CNN top5 curve: [100.0, 100.0, 99.71]

2024-01-15 11:13:47,139 [trainer.py] => Average Accuracy (CNN): 98.08666666666666 

2024-01-15 11:13:47,140 [trainer.py] => All params: 87192777
2024-01-15 11:13:47,141 [trainer.py] => Trainable params: 458120
2024-01-15 11:13:47,142 [mos.py] => Learning on 30-40
2024-01-15 11:14:07,516 [mos.py] => Task 3, Epoch 10/10 => Loss 0.168, Train_accy 98.08
2024-01-15 11:14:17,850 [mos.py] => Task 3, Epoch 30/30 => Loss 0.007, CA_accy 100.00
2024-01-15 11:14:23,104 [mos.py] => the accuracy of the original model:97.8
2024-01-15 11:14:23,106 [trainer.py] => No NME accuracy.
2024-01-15 11:14:23,106 [trainer.py] => CNN: {'total': 97.36, '00-09': 98.31, '10-19': 96.12, '20-29': 96.91, '30-39': 98.18, 'old': 97.09, 'new': 98.18}
2024-01-15 11:14:23,106 [trainer.py] => CNN top1 curve: [98.31, 97.98, 97.97, 97.36]
2024-01-15 11:14:23,106 [trainer.py] => CNN top5 curve: [100.0, 100.0, 99.71, 99.56]

2024-01-15 11:14:23,106 [trainer.py] => Average Accuracy (CNN): 97.905 

2024-01-15 11:14:23,108 [trainer.py] => All params: 87504777
2024-01-15 11:14:23,110 [trainer.py] => Trainable params: 458120
2024-01-15 11:14:23,112 [mos.py] => Learning on 40-50
2024-01-15 11:14:43,890 [mos.py] => Task 4, Epoch 10/10 => Loss 0.177, Train_accy 93.60
2024-01-15 11:14:55,206 [mos.py] => Task 4, Epoch 30/30 => Loss 0.006, CA_accy 100.00
2024-01-15 11:15:01,914 [mos.py] => the accuracy of the original model:97.5
2024-01-15 11:15:01,915 [trainer.py] => No NME accuracy.
2024-01-15 11:15:01,915 [trainer.py] => CNN: {'total': 97.15, '00-09': 98.31, '10-19': 96.12, '20-29': 96.91, '30-39': 96.36, '40-49': 98.13, 'old': 96.92, 'new': 98.13}
2024-01-15 11:15:01,915 [trainer.py] => CNN top1 curve: [98.31, 97.98, 97.97, 97.36, 97.15]
2024-01-15 11:15:01,915 [trainer.py] => CNN top5 curve: [100.0, 100.0, 99.71, 99.56, 99.64]

2024-01-15 11:15:01,915 [trainer.py] => Average Accuracy (CNN): 97.75399999999999 

2024-01-15 11:15:01,917 [trainer.py] => All params: 87816777
2024-01-15 11:15:01,918 [trainer.py] => Trainable params: 458120
2024-01-15 11:15:01,919 [mos.py] => Learning on 50-60
2024-01-15 11:15:22,114 [mos.py] => Task 5, Epoch 10/10 => Loss 0.490, Train_accy 95.36
2024-01-15 11:15:33,021 [mos.py] => Task 5, Epoch 30/30 => Loss 0.009, CA_accy 99.97
2024-01-15 11:15:41,440 [mos.py] => the accuracy of the original model:94.79
2024-01-15 11:15:41,442 [trainer.py] => No NME accuracy.
2024-01-15 11:15:41,442 [trainer.py] => CNN: {'total': 95.09, '00-09': 89.83, '10-19': 96.12, '20-29': 96.91, '30-39': 96.36, '40-49': 97.2, '50-59': 94.59, 'old': 95.19, 'new': 94.59}
2024-01-15 11:15:41,443 [trainer.py] => CNN top1 curve: [98.31, 97.98, 97.97, 97.36, 97.15, 95.09]
2024-01-15 11:15:41,443 [trainer.py] => CNN top5 curve: [100.0, 100.0, 99.71, 99.56, 99.64, 99.4]

2024-01-15 11:15:41,443 [trainer.py] => Average Accuracy (CNN): 97.31 

2024-01-15 11:15:41,446 [trainer.py] => All params: 88128777
2024-01-15 11:15:41,450 [trainer.py] => Trainable params: 458120
2024-01-15 11:15:41,453 [mos.py] => Learning on 60-70
2024-01-15 11:16:02,604 [mos.py] => Task 6, Epoch 10/10 => Loss 0.311, Train_accy 95.28
2024-01-15 11:16:14,823 [mos.py] => Task 6, Epoch 30/30 => Loss 0.011, CA_accy 99.96
2024-01-15 11:16:25,273 [mos.py] => the accuracy of the original model:92.67
2024-01-15 11:16:25,274 [trainer.py] => No NME accuracy.
2024-01-15 11:16:25,274 [trainer.py] => CNN: {'total': 93.57, '00-09': 89.83, '10-19': 93.02, '20-29': 97.94, '30-39': 94.55, '40-49': 96.26, '50-59': 90.99, '60-69': 93.4, 'old': 93.6, 'new': 93.4}
2024-01-15 11:16:25,274 [trainer.py] => CNN top1 curve: [98.31, 97.98, 97.97, 97.36, 97.15, 95.09, 93.57]
2024-01-15 11:16:25,274 [trainer.py] => CNN top5 curve: [100.0, 100.0, 99.71, 99.56, 99.64, 99.4, 99.23]

2024-01-15 11:16:25,274 [trainer.py] => Average Accuracy (CNN): 96.7757142857143 

2024-01-15 11:16:25,276 [trainer.py] => All params: 88440777
2024-01-15 11:16:25,278 [trainer.py] => Trainable params: 458120
2024-01-15 11:16:25,279 [mos.py] => Learning on 70-80
2024-01-15 11:16:45,662 [mos.py] => Task 7, Epoch 10/10 => Loss 0.249, Train_accy 96.73
2024-01-15 11:16:58,131 [mos.py] => Task 7, Epoch 30/30 => Loss 0.008, CA_accy 99.98
2024-01-15 11:17:11,430 [mos.py] => the accuracy of the original model:93.25
2024-01-15 11:17:11,431 [trainer.py] => No NME accuracy.
2024-01-15 11:17:11,431 [trainer.py] => CNN: {'total': 93.8, '00-09': 88.14, '10-19': 93.8, '20-29': 96.91, '30-39': 93.64, '40-49': 96.26, '50-59': 90.99, '60-69': 93.4, '70-79': 97.16, 'old': 93.19, 'new': 97.16}
2024-01-15 11:17:11,431 [trainer.py] => CNN top1 curve: [98.31, 97.98, 97.97, 97.36, 97.15, 95.09, 93.57, 93.8]
2024-01-15 11:17:11,431 [trainer.py] => CNN top5 curve: [100.0, 100.0, 99.71, 99.56, 99.64, 99.4, 99.23, 99.46]

2024-01-15 11:17:11,431 [trainer.py] => Average Accuracy (CNN): 96.40375 

2024-01-15 11:17:11,433 [trainer.py] => All params: 88752777
2024-01-15 11:17:11,434 [trainer.py] => Trainable params: 458120
2024-01-15 11:17:11,436 [mos.py] => Learning on 80-90
2024-01-15 11:17:31,424 [mos.py] => Task 8, Epoch 10/10 => Loss 0.294, Train_accy 93.49
2024-01-15 11:17:44,820 [mos.py] => Task 8, Epoch 30/30 => Loss 0.009, CA_accy 99.95
2024-01-15 11:18:01,100 [mos.py] => the accuracy of the original model:93.06
2024-01-15 11:18:01,102 [trainer.py] => No NME accuracy.
2024-01-15 11:18:01,102 [trainer.py] => CNN: {'total': 93.44, '00-09': 88.14, '10-19': 91.47, '20-29': 97.94, '30-39': 93.64, '40-49': 96.26, '50-59': 88.29, '60-69': 92.45, '70-79': 97.16, '80-89': 95.49, 'old': 93.14, 'new': 95.49}
2024-01-15 11:18:01,102 [trainer.py] => CNN top1 curve: [98.31, 97.98, 97.97, 97.36, 97.15, 95.09, 93.57, 93.8, 93.44]
2024-01-15 11:18:01,102 [trainer.py] => CNN top5 curve: [100.0, 100.0, 99.71, 99.56, 99.64, 99.4, 99.23, 99.46, 99.33]

2024-01-15 11:18:01,102 [trainer.py] => Average Accuracy (CNN): 96.07444444444445 

2024-01-15 11:18:01,104 [trainer.py] => All params: 89064777
2024-01-15 11:18:01,106 [trainer.py] => Trainable params: 458120
2024-01-15 11:18:01,107 [mos.py] => Learning on 90-100
2024-01-15 11:18:21,457 [mos.py] => Task 9, Epoch 10/10 => Loss 0.398, Train_accy 94.26
2024-01-15 11:18:35,563 [mos.py] => Task 9, Epoch 30/30 => Loss 0.010, CA_accy 99.96
2024-01-15 11:18:55,362 [mos.py] => the accuracy of the original model:91.84
2024-01-15 11:18:55,364 [trainer.py] => No NME accuracy.
2024-01-15 11:18:55,364 [trainer.py] => CNN: {'total': 92.34, '00-09': 87.29, '10-19': 91.47, '20-29': 97.94, '30-39': 89.09, '40-49': 96.26, '50-59': 88.29, '60-69': 90.57, '70-79': 97.16, '80-89': 95.49, '90-99': 89.71, 'old': 92.68, 'new': 89.71}
2024-01-15 11:18:55,364 [trainer.py] => CNN top1 curve: [98.31, 97.98, 97.97, 97.36, 97.15, 95.09, 93.57, 93.8, 93.44, 92.34]
2024-01-15 11:18:55,364 [trainer.py] => CNN top5 curve: [100.0, 100.0, 99.71, 99.56, 99.64, 99.4, 99.23, 99.46, 99.33, 99.16]

2024-01-15 11:18:55,364 [trainer.py] => Average Accuracy (CNN): 95.70100000000001 

2024-01-15 11:18:55,367 [trainer.py] => All params: 89376777
2024-01-15 11:18:55,370 [trainer.py] => Trainable params: 458120
2024-01-15 11:18:55,372 [mos.py] => Learning on 100-110
2024-01-15 11:19:16,523 [mos.py] => Task 10, Epoch 10/10 => Loss 0.205, Train_accy 96.88
2024-01-15 11:19:32,215 [mos.py] => Task 10, Epoch 30/30 => Loss 0.009, CA_accy 99.96
2024-01-15 11:19:55,354 [mos.py] => the accuracy of the original model:91.63
2024-01-15 11:19:55,355 [trainer.py] => No NME accuracy.
2024-01-15 11:19:55,355 [trainer.py] => CNN: {'total': 92.33, '00-09': 87.29, '10-19': 90.7, '20-29': 97.94, '30-39': 88.18, '40-49': 96.26, '50-59': 86.49, '60-69': 89.62, '70-79': 97.87, '80-89': 95.49, '90-99': 90.44, '100-109': 94.78, 'old': 92.09, 'new': 94.78}
2024-01-15 11:19:55,356 [trainer.py] => CNN top1 curve: [98.31, 97.98, 97.97, 97.36, 97.15, 95.09, 93.57, 93.8, 93.44, 92.34, 92.33]
2024-01-15 11:19:55,356 [trainer.py] => CNN top5 curve: [100.0, 100.0, 99.71, 99.56, 99.64, 99.4, 99.23, 99.46, 99.33, 99.16, 99.39]

2024-01-15 11:19:55,356 [trainer.py] => Average Accuracy (CNN): 95.39454545454547 

2024-01-15 11:19:55,358 [trainer.py] => All params: 89688777
2024-01-15 11:19:55,360 [trainer.py] => Trainable params: 458120
2024-01-15 11:19:55,361 [mos.py] => Learning on 110-120
2024-01-15 11:20:15,632 [mos.py] => Task 11, Epoch 10/10 => Loss 0.404, Train_accy 96.60
2024-01-15 11:20:30,642 [mos.py] => Task 11, Epoch 30/30 => Loss 0.012, CA_accy 99.97
2024-01-15 11:20:57,341 [mos.py] => the accuracy of the original model:90.04
2024-01-15 11:20:57,343 [trainer.py] => No NME accuracy.
2024-01-15 11:20:57,343 [trainer.py] => CNN: {'total': 92.37, '00-09': 88.14, '10-19': 91.47, '20-29': 95.88, '30-39': 90.0, '40-49': 96.26, '50-59': 88.29, '60-69': 89.62, '70-79': 96.45, '80-89': 95.49, '90-99': 91.18, '100-109': 94.78, '110-119': 90.27, 'old': 92.56, 'new': 90.27}
2024-01-15 11:20:57,343 [trainer.py] => CNN top1 curve: [98.31, 97.98, 97.97, 97.36, 97.15, 95.09, 93.57, 93.8, 93.44, 92.34, 92.33, 92.37]
2024-01-15 11:20:57,343 [trainer.py] => CNN top5 curve: [100.0, 100.0, 99.71, 99.56, 99.64, 99.4, 99.23, 99.46, 99.33, 99.16, 99.39, 99.15]

2024-01-15 11:20:57,343 [trainer.py] => Average Accuracy (CNN): 95.1425 

2024-01-15 11:20:57,347 [trainer.py] => All params: 90000777
2024-01-15 11:20:57,350 [trainer.py] => Trainable params: 458120
2024-01-15 11:20:57,352 [mos.py] => Learning on 120-130
2024-01-15 11:21:18,516 [mos.py] => Task 12, Epoch 10/10 => Loss 0.439, Train_accy 93.36
2024-01-15 11:21:35,044 [mos.py] => Task 12, Epoch 30/30 => Loss 0.013, CA_accy 99.96
2024-01-15 11:22:05,585 [mos.py] => the accuracy of the original model:89.17
2024-01-15 11:22:05,587 [trainer.py] => No NME accuracy.
2024-01-15 11:22:05,587 [trainer.py] => CNN: {'total': 91.73, '00-09': 88.14, '10-19': 90.7, '20-29': 96.91, '30-39': 89.09, '40-49': 90.65, '50-59': 88.29, '60-69': 88.68, '70-79': 95.04, '80-89': 95.49, '90-99': 90.44, '100-109': 94.78, '110-119': 92.92, '120-129': 90.65, 'old': 91.81, 'new': 90.65}
2024-01-15 11:22:05,587 [trainer.py] => CNN top1 curve: [98.31, 97.98, 97.97, 97.36, 97.15, 95.09, 93.57, 93.8, 93.44, 92.34, 92.33, 92.37, 91.73]
2024-01-15 11:22:05,587 [trainer.py] => CNN top5 curve: [100.0, 100.0, 99.71, 99.56, 99.64, 99.4, 99.23, 99.46, 99.33, 99.16, 99.39, 99.15, 99.08]

2024-01-15 11:22:05,587 [trainer.py] => Average Accuracy (CNN): 94.88000000000001 

2024-01-15 11:22:05,591 [trainer.py] => All params: 90312777
2024-01-15 11:22:05,592 [trainer.py] => Trainable params: 458120
2024-01-15 11:22:05,594 [mos.py] => Learning on 130-140
2024-01-15 11:22:26,288 [mos.py] => Task 13, Epoch 10/10 => Loss 0.297, Train_accy 95.55
2024-01-15 11:22:43,147 [mos.py] => Task 13, Epoch 30/30 => Loss 0.013, CA_accy 99.94
2024-01-15 11:23:18,160 [mos.py] => the accuracy of the original model:88.85
2024-01-15 11:23:18,163 [trainer.py] => No NME accuracy.
2024-01-15 11:23:18,163 [trainer.py] => CNN: {'total': 91.35, '00-09': 88.14, '10-19': 90.7, '20-29': 96.91, '30-39': 89.09, '40-49': 90.65, '50-59': 87.39, '60-69': 88.68, '70-79': 94.33, '80-89': 94.74, '90-99': 89.71, '100-109': 94.78, '110-119': 92.04, '120-129': 87.85, '130-139': 93.22, 'old': 91.2, 'new': 93.22}
2024-01-15 11:23:18,163 [trainer.py] => CNN top1 curve: [98.31, 97.98, 97.97, 97.36, 97.15, 95.09, 93.57, 93.8, 93.44, 92.34, 92.33, 92.37, 91.73, 91.35]
2024-01-15 11:23:18,163 [trainer.py] => CNN top5 curve: [100.0, 100.0, 99.71, 99.56, 99.64, 99.4, 99.23, 99.46, 99.33, 99.16, 99.39, 99.15, 99.08, 98.78]

2024-01-15 11:23:18,164 [trainer.py] => Average Accuracy (CNN): 94.62785714285714 

2024-01-15 11:23:18,167 [trainer.py] => All params: 90624777
2024-01-15 11:23:18,170 [trainer.py] => Trainable params: 458120
2024-01-15 11:23:18,171 [mos.py] => Learning on 140-150
2024-01-15 11:23:38,644 [mos.py] => Task 14, Epoch 10/10 => Loss 0.464, Train_accy 95.35
2024-01-15 11:23:55,924 [mos.py] => Task 14, Epoch 30/30 => Loss 0.015, CA_accy 99.95
2024-01-15 11:24:35,928 [mos.py] => the accuracy of the original model:88.23
2024-01-15 11:24:35,930 [trainer.py] => No NME accuracy.
2024-01-15 11:24:35,930 [trainer.py] => CNN: {'total': 91.34, '00-09': 85.59, '10-19': 90.7, '20-29': 96.91, '30-39': 90.0, '40-49': 90.65, '50-59': 88.29, '60-69': 88.68, '70-79': 95.74, '80-89': 94.74, '90-99': 90.44, '100-109': 94.78, '110-119': 91.15, '120-129': 87.85, '130-139': 93.22, '140-149': 90.48, 'old': 91.41, 'new': 90.48}
2024-01-15 11:24:35,931 [trainer.py] => CNN top1 curve: [98.31, 97.98, 97.97, 97.36, 97.15, 95.09, 93.57, 93.8, 93.44, 92.34, 92.33, 92.37, 91.73, 91.35, 91.34]
2024-01-15 11:24:35,931 [trainer.py] => CNN top5 curve: [100.0, 100.0, 99.71, 99.56, 99.64, 99.4, 99.23, 99.46, 99.33, 99.16, 99.39, 99.15, 99.08, 98.78, 98.75]

2024-01-15 11:24:35,931 [trainer.py] => Average Accuracy (CNN): 94.40866666666666 

2024-01-15 11:24:35,933 [trainer.py] => All params: 90936777
2024-01-15 11:24:35,936 [trainer.py] => Trainable params: 458120
2024-01-15 11:24:35,938 [mos.py] => Learning on 150-160
2024-01-15 11:24:56,578 [mos.py] => Task 15, Epoch 10/10 => Loss 0.282, Train_accy 96.79
2024-01-15 11:25:14,200 [mos.py] => Task 15, Epoch 30/30 => Loss 0.014, CA_accy 99.95
2024-01-15 11:25:59,358 [mos.py] => the accuracy of the original model:88.42
2024-01-15 11:25:59,362 [trainer.py] => No NME accuracy.
2024-01-15 11:25:59,362 [trainer.py] => CNN: {'total': 91.43, '00-09': 83.9, '10-19': 90.7, '20-29': 96.91, '30-39': 89.09, '40-49': 91.59, '50-59': 88.29, '60-69': 88.68, '70-79': 95.74, '80-89': 93.98, '90-99': 90.44, '100-109': 93.91, '110-119': 91.15, '120-129': 88.79, '130-139': 94.07, '140-149': 88.89, '150-159': 95.97, 'old': 91.11, 'new': 95.97}
2024-01-15 11:25:59,362 [trainer.py] => CNN top1 curve: [98.31, 97.98, 97.97, 97.36, 97.15, 95.09, 93.57, 93.8, 93.44, 92.34, 92.33, 92.37, 91.73, 91.35, 91.34, 91.43]
2024-01-15 11:25:59,362 [trainer.py] => CNN top5 curve: [100.0, 100.0, 99.71, 99.56, 99.64, 99.4, 99.23, 99.46, 99.33, 99.16, 99.39, 99.15, 99.08, 98.78, 98.75, 98.78]

2024-01-15 11:25:59,362 [trainer.py] => Average Accuracy (CNN): 94.2225 

2024-01-15 11:25:59,365 [trainer.py] => All params: 91248777
2024-01-15 11:25:59,367 [trainer.py] => Trainable params: 458120
2024-01-15 11:25:59,369 [mos.py] => Learning on 160-170
2024-01-15 11:26:20,306 [mos.py] => Task 16, Epoch 10/10 => Loss 0.315, Train_accy 96.77
2024-01-15 11:26:40,165 [mos.py] => Task 16, Epoch 30/30 => Loss 0.014, CA_accy 99.97
2024-01-15 11:27:30,998 [mos.py] => the accuracy of the original model:87.85
2024-01-15 11:27:30,999 [trainer.py] => No NME accuracy.
2024-01-15 11:27:31,000 [trainer.py] => CNN: {'total': 90.91, '00-09': 83.9, '10-19': 90.7, '20-29': 95.88, '30-39': 90.0, '40-49': 90.65, '50-59': 88.29, '60-69': 87.74, '70-79': 95.04, '80-89': 94.74, '90-99': 88.24, '100-109': 93.91, '110-119': 90.27, '120-129': 87.85, '130-139': 93.22, '140-149': 86.51, '150-159': 95.97, '160-169': 91.79, 'old': 90.85, 'new': 91.79}
2024-01-15 11:27:31,000 [trainer.py] => CNN top1 curve: [98.31, 97.98, 97.97, 97.36, 97.15, 95.09, 93.57, 93.8, 93.44, 92.34, 92.33, 92.37, 91.73, 91.35, 91.34, 91.43, 90.91]
2024-01-15 11:27:31,000 [trainer.py] => CNN top5 curve: [100.0, 100.0, 99.71, 99.56, 99.64, 99.4, 99.23, 99.46, 99.33, 99.16, 99.39, 99.15, 99.08, 98.78, 98.75, 98.78, 98.77]

2024-01-15 11:27:31,000 [trainer.py] => Average Accuracy (CNN): 94.02764705882353 

2024-01-15 11:27:31,003 [trainer.py] => All params: 91560777
2024-01-15 11:27:31,006 [trainer.py] => Trainable params: 458120
2024-01-15 11:27:31,008 [mos.py] => Learning on 170-180
2024-01-15 11:27:52,070 [mos.py] => Task 17, Epoch 10/10 => Loss 0.331, Train_accy 96.76
2024-01-15 11:28:11,879 [mos.py] => Task 17, Epoch 30/30 => Loss 0.015, CA_accy 99.97
2024-01-15 11:29:07,963 [mos.py] => the accuracy of the original model:87.88
2024-01-15 11:29:07,968 [trainer.py] => No NME accuracy.
2024-01-15 11:29:07,968 [trainer.py] => CNN: {'total': 90.84, '00-09': 83.9, '10-19': 90.7, '20-29': 94.85, '30-39': 88.18, '40-49': 91.59, '50-59': 89.19, '60-69': 88.68, '70-79': 94.33, '80-89': 94.74, '90-99': 87.5, '100-109': 93.91, '110-119': 91.15, '120-129': 86.92, '130-139': 93.22, '140-149': 86.51, '150-159': 94.35, '160-169': 90.3, '170-179': 95.15, 'old': 90.62, 'new': 95.15}
2024-01-15 11:29:07,968 [trainer.py] => CNN top1 curve: [98.31, 97.98, 97.97, 97.36, 97.15, 95.09, 93.57, 93.8, 93.44, 92.34, 92.33, 92.37, 91.73, 91.35, 91.34, 91.43, 90.91, 90.84]
2024-01-15 11:29:07,969 [trainer.py] => CNN top5 curve: [100.0, 100.0, 99.71, 99.56, 99.64, 99.4, 99.23, 99.46, 99.33, 99.16, 99.39, 99.15, 99.08, 98.78, 98.75, 98.78, 98.77, 98.64]

2024-01-15 11:29:07,969 [trainer.py] => Average Accuracy (CNN): 93.85055555555556 

2024-01-15 11:29:07,977 [trainer.py] => All params: 91872777
2024-01-15 11:29:07,980 [trainer.py] => Trainable params: 458120
2024-01-15 11:29:07,982 [mos.py] => Learning on 180-190
2024-01-15 11:29:28,890 [mos.py] => Task 18, Epoch 10/10 => Loss 0.371, Train_accy 96.26
2024-01-15 11:29:48,085 [mos.py] => Task 18, Epoch 30/30 => Loss 0.016, CA_accy 99.96
2024-01-15 11:30:50,677 [mos.py] => the accuracy of the original model:87.26
2024-01-15 11:30:50,680 [trainer.py] => No NME accuracy.
2024-01-15 11:30:50,680 [trainer.py] => CNN: {'total': 90.35, '00-09': 83.9, '10-19': 90.7, '20-29': 93.81, '30-39': 87.27, '40-49': 91.59, '50-59': 88.29, '60-69': 87.74, '70-79': 95.04, '80-89': 94.74, '90-99': 87.5, '100-109': 93.91, '110-119': 91.15, '120-129': 85.98, '130-139': 92.37, '140-149': 85.71, '150-159': 94.35, '160-169': 90.3, '170-179': 95.15, '180-189': 87.12, 'old': 90.55, 'new': 87.12}
2024-01-15 11:30:50,680 [trainer.py] => CNN top1 curve: [98.31, 97.98, 97.97, 97.36, 97.15, 95.09, 93.57, 93.8, 93.44, 92.34, 92.33, 92.37, 91.73, 91.35, 91.34, 91.43, 90.91, 90.84, 90.35]
2024-01-15 11:30:50,680 [trainer.py] => CNN top5 curve: [100.0, 100.0, 99.71, 99.56, 99.64, 99.4, 99.23, 99.46, 99.33, 99.16, 99.39, 99.15, 99.08, 98.78, 98.75, 98.78, 98.77, 98.64, 98.32]

2024-01-15 11:30:50,680 [trainer.py] => Average Accuracy (CNN): 93.66631578947367 

2024-01-15 11:30:50,685 [trainer.py] => All params: 92184777
2024-01-15 11:30:50,688 [trainer.py] => Trainable params: 458120
2024-01-15 11:30:50,691 [mos.py] => Learning on 190-200
2024-01-15 11:31:12,657 [mos.py] => Task 19, Epoch 10/10 => Loss 0.335, Train_accy 96.58
2024-01-15 11:31:33,300 [mos.py] => Task 19, Epoch 30/30 => Loss 0.017, CA_accy 99.93
2024-01-15 11:32:41,187 [mos.py] => the accuracy of the original model:86.68
2024-01-15 11:32:41,190 [trainer.py] => No NME accuracy.
2024-01-15 11:32:41,190 [trainer.py] => CNN: {'total': 90.12, '00-09': 83.9, '10-19': 90.7, '20-29': 93.81, '30-39': 87.27, '40-49': 91.59, '50-59': 88.29, '60-69': 83.02, '70-79': 94.33, '80-89': 93.98, '90-99': 88.24, '100-109': 93.91, '110-119': 90.27, '120-129': 85.98, '130-139': 93.22, '140-149': 84.92, '150-159': 94.35, '160-169': 89.55, '170-179': 95.15, '180-189': 87.12, '190-199': 92.86, 'old': 90.0, 'new': 92.86}
2024-01-15 11:32:41,190 [trainer.py] => CNN top1 curve: [98.31, 97.98, 97.97, 97.36, 97.15, 95.09, 93.57, 93.8, 93.44, 92.34, 92.33, 92.37, 91.73, 91.35, 91.34, 91.43, 90.91, 90.84, 90.35, 90.12]
2024-01-15 11:32:41,190 [trainer.py] => CNN top5 curve: [100.0, 100.0, 99.71, 99.56, 99.64, 99.4, 99.23, 99.46, 99.33, 99.16, 99.39, 99.15, 99.08, 98.78, 98.75, 98.78, 98.77, 98.64, 98.32, 98.26]

2024-01-15 11:32:41,190 [trainer.py] => Average Accuracy (CNN): 93.48899999999999 

2024-01-15 11:32:41,194 [trainer.py] => Forgetting (CNN): 4.531052631578949
